{"/home/travis/build/npmtest/node-npmtest-transmission/test.js":{"path":"/home/travis/build/npmtest/node-npmtest-transmission/test.js","s":{"1":2,"2":2,"3":2,"4":2,"5":2,"6":2,"7":2,"8":1,"9":2,"10":2,"11":1,"12":1,"13":1,"14":1,"15":2,"16":2,"17":2,"18":2,"19":1,"20":1,"21":2,"22":2,"23":2,"24":1,"25":1,"26":1,"27":1,"28":1,"29":1,"30":1,"31":1,"32":1,"33":1,"34":1,"35":1,"36":1,"37":1,"38":1,"39":2,"40":2,"41":1,"42":2,"43":2,"44":1,"45":2,"46":2,"47":1,"48":2,"49":2,"50":1,"51":1,"52":1,"53":1,"54":1},"b":{"1":[2,1,1,1],"2":[1,1,1,1],"3":[1,1],"4":[1,1],"5":[1,1],"6":[1,1],"7":[1,1],"8":[1,1],"9":[1,1],"10":[1,1,1],"11":[1,1],"12":[1,1],"13":[1,1],"14":[1,1],"15":[1,1],"16":[1,1],"17":[1,1]},"f":{"1":2,"2":2,"3":2,"4":2,"5":2,"6":1,"7":1,"8":1,"9":2,"10":2,"11":2,"12":2,"13":1},"fnMap":{"1":{"name":"(anonymous_1)","line":12,"loc":{"start":{"line":12,"column":1},"end":{"line":12,"column":13}}},"2":{"name":"(anonymous_2)","line":19,"loc":{"start":{"line":19,"column":5},"end":{"line":19,"column":17}}},"3":{"name":"(anonymous_3)","line":23,"loc":{"start":{"line":23,"column":24},"end":{"line":23,"column":36}}},"4":{"name":"(anonymous_4)","line":61,"loc":{"start":{"line":61,"column":5},"end":{"line":61,"column":17}}},"5":{"name":"(anonymous_5)","line":82,"loc":{"start":{"line":82,"column":5},"end":{"line":82,"column":17}}},"6":{"name":"(anonymous_6)","line":91,"loc":{"start":{"line":91,"column":77},"end":{"line":94,"column":10}}},"7":{"name":"(anonymous_7)","line":112,"loc":{"start":{"line":112,"column":83},"end":{"line":115,"column":10}},"skip":true},"8":{"name":"(anonymous_8)","line":123,"loc":{"start":{"line":123,"column":77},"end":{"line":126,"column":10}},"skip":true},"9":{"name":"(anonymous_9)","line":139,"loc":{"start":{"line":139,"column":12},"end":{"line":139,"column":40}},"skip":true},"10":{"name":"(anonymous_10)","line":147,"loc":{"start":{"line":147,"column":77},"end":{"line":150,"column":10}},"skip":true},"11":{"name":"(anonymous_11)","line":158,"loc":{"start":{"line":158,"column":83},"end":{"line":161,"column":10}},"skip":true},"12":{"name":"(anonymous_12)","line":169,"loc":{"start":{"line":169,"column":79},"end":{"line":172,"column":10}},"skip":true},"13":{"name":"(anonymous_13)","line":180,"loc":{"start":{"line":180,"column":75},"end":{"line":183,"column":10}},"skip":true}},"statementMap":{"1":{"start":{"line":12,"column":0},"end":{"line":195,"column":5}},"2":{"start":{"line":14,"column":4},"end":{"line":14,"column":14}},"3":{"start":{"line":19,"column":4},"end":{"line":56,"column":9}},"4":{"start":{"line":21,"column":8},"end":{"line":21,"column":19}},"5":{"start":{"line":23,"column":8},"end":{"line":35,"column":13}},"6":{"start":{"line":24,"column":12},"end":{"line":34,"column":13}},"7":{"start":{"line":25,"column":16},"end":{"line":28,"column":30}},"8":{"start":{"line":30,"column":16},"end":{"line":33,"column":27}},"9":{"start":{"line":37,"column":8},"end":{"line":39,"column":21}},"10":{"start":{"line":40,"column":8},"end":{"line":53,"column":9}},"11":{"start":{"line":43,"column":12},"end":{"line":46,"column":14}},"12":{"start":{"line":47,"column":12},"end":{"line":47,"column":18}},"13":{"start":{"line":50,"column":12},"end":{"line":51,"column":33}},"14":{"start":{"line":52,"column":12},"end":{"line":52,"column":18}},"15":{"start":{"line":55,"column":8},"end":{"line":55,"column":35}},"16":{"start":{"line":61,"column":4},"end":{"line":63,"column":9}},"17":{"start":{"line":62,"column":8},"end":{"line":62,"column":15}},"18":{"start":{"line":64,"column":4},"end":{"line":77,"column":5}},"19":{"start":{"line":70,"column":8},"end":{"line":70,"column":14}},"20":{"start":{"line":76,"column":8},"end":{"line":76,"column":14}},"21":{"start":{"line":82,"column":4},"end":{"line":84,"column":9}},"22":{"start":{"line":83,"column":8},"end":{"line":83,"column":15}},"23":{"start":{"line":85,"column":4},"end":{"line":194,"column":5}},"24":{"start":{"line":91,"column":8},"end":{"line":99,"column":10}},"25":{"start":{"line":98,"column":12},"end":{"line":98,"column":35}},"26":{"start":{"line":102,"column":8},"end":{"line":104,"column":63}},"27":{"start":{"line":105,"column":8},"end":{"line":105,"column":14}},"28":{"start":{"line":112,"column":8},"end":{"line":121,"column":10},"skip":true},"29":{"start":{"line":119,"column":12},"end":{"line":119,"column":55},"skip":true},"30":{"start":{"line":120,"column":12},"end":{"line":120,"column":48},"skip":true},"31":{"start":{"line":123,"column":8},"end":{"line":136,"column":10},"skip":true},"32":{"start":{"line":130,"column":12},"end":{"line":130,"column":76},"skip":true},"33":{"start":{"line":131,"column":12},"end":{"line":131,"column":73},"skip":true},"34":{"start":{"line":132,"column":12},"end":{"line":132,"column":74},"skip":true},"35":{"start":{"line":133,"column":12},"end":{"line":133,"column":79},"skip":true},"36":{"start":{"line":134,"column":12},"end":{"line":134,"column":25},"skip":true},"37":{"start":{"line":135,"column":12},"end":{"line":135,"column":45},"skip":true},"38":{"start":{"line":138,"column":8},"end":{"line":145,"column":14},"skip":true},"39":{"start":{"line":143,"column":16},"end":{"line":143,"column":29},"skip":true},"40":{"start":{"line":144,"column":16},"end":{"line":144,"column":55},"skip":true},"41":{"start":{"line":147,"column":8},"end":{"line":156,"column":10},"skip":true},"42":{"start":{"line":154,"column":12},"end":{"line":154,"column":25},"skip":true},"43":{"start":{"line":155,"column":12},"end":{"line":155,"column":45},"skip":true},"44":{"start":{"line":158,"column":8},"end":{"line":167,"column":10},"skip":true},"45":{"start":{"line":165,"column":12},"end":{"line":165,"column":25},"skip":true},"46":{"start":{"line":166,"column":12},"end":{"line":166,"column":48},"skip":true},"47":{"start":{"line":169,"column":8},"end":{"line":178,"column":10},"skip":true},"48":{"start":{"line":176,"column":12},"end":{"line":176,"column":25},"skip":true},"49":{"start":{"line":177,"column":12},"end":{"line":177,"column":46},"skip":true},"50":{"start":{"line":180,"column":8},"end":{"line":189,"column":10},"skip":true},"51":{"start":{"line":187,"column":12},"end":{"line":187,"column":94},"skip":true},"52":{"start":{"line":188,"column":12},"end":{"line":188,"column":48},"skip":true},"53":{"start":{"line":192,"column":8},"end":{"line":192,"column":35},"skip":true},"54":{"start":{"line":193,"column":8},"end":{"line":193,"column":14},"skip":true}},"branchMap":{"1":{"line":25,"type":"binary-expr","locations":[{"start":{"line":25,"column":23},"end":{"line":25,"column":62}},{"start":{"line":26,"column":20},"end":{"line":26,"column":70}},{"start":{"line":27,"column":20},"end":{"line":27,"column":71}},{"start":{"line":28,"column":20},"end":{"line":28,"column":29}}]},"2":{"line":30,"type":"binary-expr","locations":[{"start":{"line":30,"column":23},"end":{"line":30,"column":37}},{"start":{"line":31,"column":20},"end":{"line":31,"column":61}},{"start":{"line":32,"column":20},"end":{"line":32,"column":70}},{"start":{"line":33,"column":20},"end":{"line":33,"column":26}}]},"3":{"line":37,"type":"cond-expr","locations":[{"start":{"line":38,"column":14},"end":{"line":38,"column":20}},{"start":{"line":39,"column":14},"end":{"line":39,"column":20}}]},"4":{"line":40,"type":"switch","locations":[{"start":{"line":42,"column":8},"end":{"line":47,"column":18}},{"start":{"line":49,"column":8},"end":{"line":52,"column":18}}]},"5":{"line":44,"type":"binary-expr","locations":[{"start":{"line":44,"column":16},"end":{"line":44,"column":44}},{"start":{"line":44,"column":48},"end":{"line":44,"column":66}}]},"6":{"line":50,"type":"binary-expr","locations":[{"start":{"line":50,"column":21},"end":{"line":50,"column":49}},{"start":{"line":50,"column":53},"end":{"line":50,"column":72}}]},"7":{"line":64,"type":"switch","locations":[{"start":{"line":69,"column":4},"end":{"line":70,"column":14}},{"start":{"line":75,"column":4},"end":{"line":76,"column":14}}]},"8":{"line":85,"type":"switch","locations":[{"start":{"line":90,"column":4},"end":{"line":105,"column":14}},{"start":{"line":111,"column":4},"end":{"line":193,"column":14},"skip":true}]},"9":{"line":91,"type":"binary-expr","locations":[{"start":{"line":91,"column":42},"end":{"line":91,"column":73}},{"start":{"line":91,"column":77},"end":{"line":99,"column":9}}]},"10":{"line":102,"type":"binary-expr","locations":[{"start":{"line":102,"column":18},"end":{"line":102,"column":32}},{"start":{"line":103,"column":12},"end":{"line":103,"column":53}},{"start":{"line":104,"column":12},"end":{"line":104,"column":61}}]},"11":{"line":112,"type":"binary-expr","locations":[{"start":{"line":112,"column":45},"end":{"line":112,"column":79},"skip":true},{"start":{"line":112,"column":83},"end":{"line":121,"column":9},"skip":true}]},"12":{"line":123,"type":"binary-expr","locations":[{"start":{"line":123,"column":42},"end":{"line":123,"column":73},"skip":true},{"start":{"line":123,"column":77},"end":{"line":136,"column":9},"skip":true}]},"13":{"line":138,"type":"binary-expr","locations":[{"start":{"line":138,"column":48},"end":{"line":138,"column":85},"skip":true},{"start":{"line":139,"column":12},"end":{"line":145,"column":13},"skip":true}]},"14":{"line":147,"type":"binary-expr","locations":[{"start":{"line":147,"column":42},"end":{"line":147,"column":73},"skip":true},{"start":{"line":147,"column":77},"end":{"line":156,"column":9},"skip":true}]},"15":{"line":158,"type":"binary-expr","locations":[{"start":{"line":158,"column":45},"end":{"line":158,"column":79},"skip":true},{"start":{"line":158,"column":83},"end":{"line":167,"column":9},"skip":true}]},"16":{"line":169,"type":"binary-expr","locations":[{"start":{"line":169,"column":43},"end":{"line":169,"column":75},"skip":true},{"start":{"line":169,"column":79},"end":{"line":178,"column":9},"skip":true}]},"17":{"line":180,"type":"binary-expr","locations":[{"start":{"line":180,"column":41},"end":{"line":180,"column":71},"skip":true},{"start":{"line":180,"column":75},"end":{"line":189,"column":9},"skip":true}]}},"code":["/* istanbul instrument in package npmtest_transmission */","/*jslint","    bitwise: true,","    browser: true,","    maxerr: 8,","    maxlen: 96,","    node: true,","    nomen: true,","    regexp: true,","    stupid: true","*/","(function () {","    'use strict';","    var local;","","","","    // run shared js-env code - pre-init","    (function () {","        // init local","        local = {};","        // init modeJs","        local.modeJs = (function () {","            try {","                return typeof navigator.userAgent === 'string' &&","                    typeof document.querySelector('body') === 'object' &&","                    typeof XMLHttpRequest.prototype.open === 'function' &&","                    'browser';","            } catch (errorCaughtBrowser) {","                return module.exports &&","                    typeof process.versions.node === 'string' &&","                    typeof require('http').createServer === 'function' &&","                    'node';","            }","        }());","        // init global","        local.global = local.modeJs === 'browser'","            ? window","            : global;","        switch (local.modeJs) {","        // re-init local from window.local","        case 'browser':","            local = local.global.utility2.objectSetDefault(","                local.global.utility2_rollup || local.global.local,","                local.global.utility2","            );","            break;","        // re-init local from example.js","        case 'node':","            local = (local.global.utility2_rollup || require('utility2'))","                .requireReadme();","            break;","        }","        // export local","        local.global.local = local;","    }());","","","","    // run shared js-env code - function","    (function () {","        return;","    }());","    switch (local.modeJs) {","","","","    // run browser js-env code - function","    case 'browser':","        break;","","","","    // run node js-env code - function","    case 'node':","        break;","    }","","","","    // run shared js-env code - post-init","    (function () {","        return;","    }());","    switch (local.modeJs) {","","","","    // run browser js-env code - post-init","    case 'browser':","        local.testCase_browser_nullCase = local.testCase_browser_nullCase || function (","            options,","            onError","        ) {","        /*","         * this function will test browsers's null-case handling-behavior-behavior","         */","            onError(null, options);","        };","","        // run tests","        local.nop(local.modeTest &&","            document.querySelector('#testRunButton1') &&","            document.querySelector('#testRunButton1').click());","        break;","","","","    // run node js-env code - post-init","    /* istanbul ignore next */","    case 'node':","        local.testCase_buildApidoc_default = local.testCase_buildApidoc_default || function (","            options,","            onError","        ) {","        /*","         * this function will test buildApidoc's default handling-behavior-behavior","         */","            options = { modulePathList: module.paths };","            local.buildApidoc(options, onError);","        };","","        local.testCase_buildApp_default = local.testCase_buildApp_default || function (","            options,","            onError","        ) {","        /*","         * this function will test buildApp's default handling-behavior-behavior","         */","            local.testCase_buildReadme_default(options, local.onErrorThrow);","            local.testCase_buildLib_default(options, local.onErrorThrow);","            local.testCase_buildTest_default(options, local.onErrorThrow);","            local.testCase_buildCustomOrg_default(options, local.onErrorThrow);","            options = [];","            local.buildApp(options, onError);","        };","","        local.testCase_buildCustomOrg_default = local.testCase_buildCustomOrg_default ||","            function (options, onError) {","            /*","             * this function will test buildCustomOrg's default handling-behavior","             */","                options = {};","                local.buildCustomOrg(options, onError);","            };","","        local.testCase_buildLib_default = local.testCase_buildLib_default || function (","            options,","            onError","        ) {","        /*","         * this function will test buildLib's default handling-behavior","         */","            options = {};","            local.buildLib(options, onError);","        };","","        local.testCase_buildReadme_default = local.testCase_buildReadme_default || function (","            options,","            onError","        ) {","        /*","         * this function will test buildReadme's default handling-behavior-behavior","         */","            options = {};","            local.buildReadme(options, onError);","        };","","        local.testCase_buildTest_default = local.testCase_buildTest_default || function (","            options,","            onError","        ) {","        /*","         * this function will test buildTest's default handling-behavior","         */","            options = {};","            local.buildTest(options, onError);","        };","","        local.testCase_webpage_default = local.testCase_webpage_default || function (","            options,","            onError","        ) {","        /*","         * this function will test webpage's default handling-behavior","         */","            options = { modeCoverageMerge: true, url: local.serverLocalHost + '?modeTest=1' };","            local.browserTest(options, onError);","        };","","        // run test-server","        local.testRunServer(local);","        break;","    }","}());",""],"l":{"12":2,"14":2,"19":2,"21":2,"23":2,"24":2,"25":2,"30":1,"37":2,"40":2,"43":1,"47":1,"50":1,"52":1,"55":2,"61":2,"62":2,"64":2,"70":1,"76":1,"82":2,"83":2,"85":2,"91":1,"98":1,"102":1,"105":1,"112":1,"119":1,"120":1,"123":1,"130":1,"131":1,"132":1,"133":1,"134":1,"135":1,"138":1,"143":2,"144":2,"147":1,"154":2,"155":2,"158":1,"165":2,"166":2,"169":1,"176":2,"177":2,"180":1,"187":1,"188":1,"192":1,"193":1}},"/home/travis/build/npmtest/node-npmtest-transmission/lib.npmtest_transmission.js":{"path":"/home/travis/build/npmtest/node-npmtest-transmission/lib.npmtest_transmission.js","s":{"1":2,"2":2,"3":2,"4":2,"5":2,"6":2,"7":2,"8":1,"9":2,"10":2,"11":2,"12":2,"13":1,"14":1,"15":1,"16":1},"b":{"1":[2,1,1,1],"2":[1,1,1,1],"3":[1,1],"4":[2,2],"5":[1,1]},"f":{"1":2,"2":2,"3":2},"fnMap":{"1":{"name":"(anonymous_1)","line":12,"loc":{"start":{"line":12,"column":1},"end":{"line":12,"column":13}}},"2":{"name":"(anonymous_2)","line":19,"loc":{"start":{"line":19,"column":5},"end":{"line":19,"column":17}}},"3":{"name":"(anonymous_3)","line":23,"loc":{"start":{"line":23,"column":24},"end":{"line":23,"column":36}}}},"statementMap":{"1":{"start":{"line":12,"column":0},"end":{"line":53,"column":5}},"2":{"start":{"line":14,"column":4},"end":{"line":14,"column":14}},"3":{"start":{"line":19,"column":4},"end":{"line":52,"column":9}},"4":{"start":{"line":21,"column":8},"end":{"line":21,"column":19}},"5":{"start":{"line":23,"column":8},"end":{"line":35,"column":13}},"6":{"start":{"line":24,"column":12},"end":{"line":34,"column":13}},"7":{"start":{"line":25,"column":16},"end":{"line":28,"column":30}},"8":{"start":{"line":30,"column":16},"end":{"line":33,"column":27}},"9":{"start":{"line":37,"column":8},"end":{"line":39,"column":21}},"10":{"start":{"line":41,"column":8},"end":{"line":41,"column":54}},"11":{"start":{"line":43,"column":8},"end":{"line":43,"column":57}},"12":{"start":{"line":45,"column":8},"end":{"line":51,"column":9}},"13":{"start":{"line":46,"column":12},"end":{"line":46,"column":63}},"14":{"start":{"line":48,"column":12},"end":{"line":48,"column":35}},"15":{"start":{"line":49,"column":12},"end":{"line":49,"column":49}},"16":{"start":{"line":50,"column":12},"end":{"line":50,"column":43}}},"branchMap":{"1":{"line":25,"type":"binary-expr","locations":[{"start":{"line":25,"column":23},"end":{"line":25,"column":62}},{"start":{"line":26,"column":20},"end":{"line":26,"column":70}},{"start":{"line":27,"column":20},"end":{"line":27,"column":71}},{"start":{"line":28,"column":20},"end":{"line":28,"column":29}}]},"2":{"line":30,"type":"binary-expr","locations":[{"start":{"line":30,"column":23},"end":{"line":30,"column":37}},{"start":{"line":31,"column":20},"end":{"line":31,"column":61}},{"start":{"line":32,"column":20},"end":{"line":32,"column":70}},{"start":{"line":33,"column":20},"end":{"line":33,"column":26}}]},"3":{"line":37,"type":"cond-expr","locations":[{"start":{"line":38,"column":14},"end":{"line":38,"column":20}},{"start":{"line":39,"column":14},"end":{"line":39,"column":20}}]},"4":{"line":41,"type":"binary-expr","locations":[{"start":{"line":41,"column":16},"end":{"line":41,"column":44}},{"start":{"line":41,"column":48},"end":{"line":41,"column":53}}]},"5":{"line":45,"type":"if","locations":[{"start":{"line":45,"column":8},"end":{"line":45,"column":8}},{"start":{"line":45,"column":8},"end":{"line":45,"column":8}}]}},"code":["/* istanbul instrument in package npmtest_transmission */","/*jslint","    bitwise: true,","    browser: true,","    maxerr: 8,","    maxlen: 96,","    node: true,","    nomen: true,","    regexp: true,","    stupid: true","*/","(function () {","    'use strict';","    var local;","","","","    // run shared js-env code - pre-init","    (function () {","        // init local","        local = {};","        // init modeJs","        local.modeJs = (function () {","            try {","                return typeof navigator.userAgent === 'string' &&","                    typeof document.querySelector('body') === 'object' &&","                    typeof XMLHttpRequest.prototype.open === 'function' &&","                    'browser';","            } catch (errorCaughtBrowser) {","                return module.exports &&","                    typeof process.versions.node === 'string' &&","                    typeof require('http').createServer === 'function' &&","                    'node';","            }","        }());","        // init global","        local.global = local.modeJs === 'browser'","            ? window","            : global;","        // init utility2_rollup","        local = local.global.utility2_rollup || local;","        // init lib","        local.local = local.npmtest_transmission = local;","        // init exports","        if (local.modeJs === 'browser') {","            local.global.utility2_npmtest_transmission = local;","        } else {","            module.exports = local;","            module.exports.__dirname = __dirname;","            module.exports.module = module;","        }","    }());","}());",""],"l":{"12":2,"14":2,"19":2,"21":2,"23":2,"24":2,"25":2,"30":1,"37":2,"41":2,"43":2,"45":2,"46":1,"48":1,"49":1,"50":1}},"/home/travis/build/npmtest/node-npmtest-transmission/example.js":{"path":"/home/travis/build/npmtest/node-npmtest-transmission/example.js","s":{"1":2,"2":2,"3":2,"4":2,"5":2,"6":2,"7":2,"8":1,"9":2,"10":2,"11":2,"12":2,"13":1,"14":2,"15":2,"16":2,"17":2,"18":2,"19":0,"20":2,"21":1,"22":1,"23":1,"24":1,"25":1,"26":0,"27":0,"28":1,"29":1,"30":2,"31":0,"32":0,"33":0,"34":1,"35":2,"36":2,"37":3,"38":3,"39":3,"40":3,"41":0,"42":3,"43":3,"44":3,"45":1,"46":3,"47":1,"48":1,"49":1,"50":1,"51":1,"52":1,"53":1,"54":1,"55":1,"56":1,"57":0,"58":1,"59":6,"60":6,"61":1,"62":2,"63":0,"64":2,"65":1,"66":1,"67":0,"68":0,"69":0,"70":0,"71":0,"72":0,"73":0,"74":0,"75":0,"76":0,"77":0,"78":0,"79":0,"80":0,"81":0,"82":0,"83":0},"b":{"1":[2,1,1,1],"2":[1,1,1,1],"3":[1,1],"4":[2,2],"5":[1,1],"6":[1,1],"7":[2,0],"8":[2,1,1,1,1,1],"9":[0,2,0],"10":[1,1],"11":[2,1,1],"12":[1,0],"13":[0,2],"14":[2,0,0,0,0,0,0],"15":[0,3],"16":[3,0],"17":[1,1],"18":[0,1],"19":[1,2,0,2],"20":[1,0],"21":[1,1],"22":[0,0],"23":[0,0],"24":[0,0],"25":[0,0],"26":[0,0],"27":[0,0],"28":[0,0]},"f":{"1":2,"2":2,"3":2,"4":2,"5":2,"6":2,"7":3,"8":3,"9":3,"10":1,"11":6,"12":0},"fnMap":{"1":{"name":"(anonymous_1)","line":26,"loc":{"start":{"line":26,"column":1},"end":{"line":26,"column":13}}},"2":{"name":"(anonymous_2)","line":33,"loc":{"start":{"line":33,"column":5},"end":{"line":33,"column":17}}},"3":{"name":"(anonymous_3)","line":37,"loc":{"start":{"line":37,"column":24},"end":{"line":37,"column":36}}},"4":{"name":"(anonymous_4)","line":69,"loc":{"start":{"line":69,"column":31},"end":{"line":69,"column":48}},"skip":true},"5":{"name":"(anonymous_5)","line":78,"loc":{"start":{"line":78,"column":26},"end":{"line":78,"column":45}},"skip":true},"6":{"name":"(anonymous_6)","line":123,"loc":{"start":{"line":123,"column":33},"end":{"line":123,"column":48}},"skip":true},"7":{"name":"(anonymous_7)","line":125,"loc":{"start":{"line":125,"column":27},"end":{"line":125,"column":39}},"skip":true},"8":{"name":"(anonymous_8)","line":133,"loc":{"start":{"line":133,"column":59},"end":{"line":133,"column":74}},"skip":true},"9":{"name":"(anonymous_9)","line":143,"loc":{"start":{"line":143,"column":45},"end":{"line":143,"column":62}},"skip":true},"10":{"name":"(anonymous_10)","line":144,"loc":{"start":{"line":144,"column":73},"end":{"line":144,"column":92}},"skip":true},"11":{"name":"(anonymous_11)","line":272,"loc":{"start":{"line":272,"column":51},"end":{"line":272,"column":77}},"skip":true},"12":{"name":"(anonymous_12)","line":315,"loc":{"start":{"line":315,"column":32},"end":{"line":315,"column":61}},"skip":true}},"statementMap":{"1":{"start":{"line":26,"column":0},"end":{"line":326,"column":5}},"2":{"start":{"line":28,"column":4},"end":{"line":28,"column":14}},"3":{"start":{"line":33,"column":4},"end":{"line":60,"column":9}},"4":{"start":{"line":35,"column":8},"end":{"line":35,"column":19}},"5":{"start":{"line":37,"column":8},"end":{"line":49,"column":13}},"6":{"start":{"line":38,"column":12},"end":{"line":48,"column":13}},"7":{"start":{"line":39,"column":16},"end":{"line":42,"column":30}},"8":{"start":{"line":44,"column":16},"end":{"line":47,"column":27}},"9":{"start":{"line":51,"column":8},"end":{"line":53,"column":21}},"10":{"start":{"line":55,"column":8},"end":{"line":57,"column":45}},"11":{"start":{"line":59,"column":8},"end":{"line":59,"column":35}},"12":{"start":{"line":61,"column":4},"end":{"line":325,"column":5}},"13":{"start":{"line":69,"column":8},"end":{"line":121,"column":10},"skip":true},"14":{"start":{"line":70,"column":12},"end":{"line":88,"column":13},"skip":true},"15":{"start":{"line":76,"column":16},"end":{"line":87,"column":19},"skip":true},"16":{"start":{"line":79,"column":20},"end":{"line":86,"column":21},"skip":true},"17":{"start":{"line":82,"column":24},"end":{"line":82,"column":43},"skip":true},"18":{"start":{"line":83,"column":24},"end":{"line":83,"column":30},"skip":true},"19":{"start":{"line":85,"column":24},"end":{"line":85,"column":49},"skip":true},"20":{"start":{"line":89,"column":12},"end":{"line":107,"column":13},"skip":true},"21":{"start":{"line":92,"column":16},"end":{"line":102,"column":17},"skip":true},"22":{"start":{"line":93,"column":20},"end":{"line":93,"column":86},"skip":true},"23":{"start":{"line":94,"column":20},"end":{"line":95,"column":45},"skip":true},"24":{"start":{"line":96,"column":20},"end":{"line":96,"column":42},"skip":true},"25":{"start":{"line":97,"column":20},"end":{"line":97,"column":48},"skip":true},"26":{"start":{"line":100,"column":20},"end":{"line":100,"column":85},"skip":true},"27":{"start":{"line":101,"column":20},"end":{"line":101,"column":96},"skip":true},"28":{"start":{"line":103,"column":16},"end":{"line":103,"column":22},"skip":true},"29":{"start":{"line":106,"column":16},"end":{"line":106,"column":22},"skip":true},"30":{"start":{"line":108,"column":12},"end":{"line":120,"column":13},"skip":true},"31":{"start":{"line":114,"column":16},"end":{"line":119,"column":17},"skip":true},"32":{"start":{"line":116,"column":20},"end":{"line":116,"column":78},"skip":true},"33":{"start":{"line":118,"column":20},"end":{"line":118,"column":47},"skip":true},"34":{"start":{"line":123,"column":8},"end":{"line":141,"column":11},"skip":true},"35":{"start":{"line":124,"column":12},"end":{"line":124,"column":54},"skip":true},"36":{"start":{"line":125,"column":12},"end":{"line":140,"column":14},"skip":true},"37":{"start":{"line":126,"column":16},"end":{"line":126,"column":28},"skip":true},"38":{"start":{"line":127,"column":16},"end":{"line":127,"column":69},"skip":true},"39":{"start":{"line":128,"column":16},"end":{"line":128,"column":75},"skip":true},"40":{"start":{"line":129,"column":16},"end":{"line":131,"column":17},"skip":true},"41":{"start":{"line":130,"column":20},"end":{"line":130,"column":27},"skip":true},"42":{"start":{"line":133,"column":16},"end":{"line":137,"column":36},"skip":true},"43":{"start":{"line":134,"column":20},"end":{"line":136,"column":55},"skip":true},"44":{"start":{"line":139,"column":16},"end":{"line":139,"column":57},"skip":true},"45":{"start":{"line":143,"column":8},"end":{"line":147,"column":11},"skip":true},"46":{"start":{"line":144,"column":12},"end":{"line":146,"column":15},"skip":true},"47":{"start":{"line":145,"column":16},"end":{"line":145,"column":70},"skip":true},"48":{"start":{"line":149,"column":8},"end":{"line":149,"column":31},"skip":true},"49":{"start":{"line":150,"column":8},"end":{"line":150,"column":14},"skip":true},"50":{"start":{"line":158,"column":8},"end":{"line":158,"column":31},"skip":true},"51":{"start":{"line":160,"column":8},"end":{"line":160,"column":33},"skip":true},"52":{"start":{"line":161,"column":8},"end":{"line":161,"column":37},"skip":true},"53":{"start":{"line":162,"column":8},"end":{"line":162,"column":35},"skip":true},"54":{"start":{"line":164,"column":8},"end":{"line":164,"column":50},"skip":true},"55":{"start":{"line":166,"column":8},"end":{"line":256,"column":2},"skip":true},"56":{"start":{"line":258,"column":8},"end":{"line":286,"column":9},"skip":true},"57":{"start":{"line":259,"column":12},"end":{"line":269,"column":14},"skip":true},"58":{"start":{"line":271,"column":12},"end":{"line":285,"column":19},"skip":true},"59":{"start":{"line":274,"column":20},"end":{"line":274,"column":35},"skip":true},"60":{"start":{"line":275,"column":20},"end":{"line":284,"column":21},"skip":true},"61":{"start":{"line":277,"column":24},"end":{"line":277,"column":64},"skip":true},"62":{"start":{"line":279,"column":24},"end":{"line":279,"column":40},"skip":true},"63":{"start":{"line":281,"column":24},"end":{"line":281,"column":40},"skip":true},"64":{"start":{"line":283,"column":24},"end":{"line":283,"column":39},"skip":true},"65":{"start":{"line":288,"column":8},"end":{"line":290,"column":9},"skip":true},"66":{"start":{"line":289,"column":12},"end":{"line":289,"column":18},"skip":true},"67":{"start":{"line":291,"column":8},"end":{"line":293,"column":54},"skip":true},"68":{"start":{"line":296,"column":8},"end":{"line":301,"column":37},"skip":true},"69":{"start":{"line":303,"column":8},"end":{"line":303,"column":82},"skip":true},"70":{"start":{"line":306,"column":8},"end":{"line":308,"column":9},"skip":true},"71":{"start":{"line":307,"column":12},"end":{"line":307,"column":82},"skip":true},"72":{"start":{"line":310,"column":8},"end":{"line":312,"column":9},"skip":true},"73":{"start":{"line":311,"column":12},"end":{"line":311,"column":18},"skip":true},"74":{"start":{"line":313,"column":8},"end":{"line":313,"column":54},"skip":true},"75":{"start":{"line":314,"column":8},"end":{"line":314,"column":69},"skip":true},"76":{"start":{"line":315,"column":8},"end":{"line":323,"column":36},"skip":true},"77":{"start":{"line":316,"column":12},"end":{"line":316,"column":61},"skip":true},"78":{"start":{"line":317,"column":12},"end":{"line":320,"column":13},"skip":true},"79":{"start":{"line":318,"column":16},"end":{"line":318,"column":75},"skip":true},"80":{"start":{"line":319,"column":16},"end":{"line":319,"column":23},"skip":true},"81":{"start":{"line":321,"column":12},"end":{"line":321,"column":38},"skip":true},"82":{"start":{"line":322,"column":12},"end":{"line":322,"column":27},"skip":true},"83":{"start":{"line":324,"column":8},"end":{"line":324,"column":14},"skip":true}},"branchMap":{"1":{"line":39,"type":"binary-expr","locations":[{"start":{"line":39,"column":23},"end":{"line":39,"column":62}},{"start":{"line":40,"column":20},"end":{"line":40,"column":70}},{"start":{"line":41,"column":20},"end":{"line":41,"column":71}},{"start":{"line":42,"column":20},"end":{"line":42,"column":29}}]},"2":{"line":44,"type":"binary-expr","locations":[{"start":{"line":44,"column":23},"end":{"line":44,"column":37}},{"start":{"line":45,"column":20},"end":{"line":45,"column":61}},{"start":{"line":46,"column":20},"end":{"line":46,"column":70}},{"start":{"line":47,"column":20},"end":{"line":47,"column":26}}]},"3":{"line":51,"type":"cond-expr","locations":[{"start":{"line":52,"column":14},"end":{"line":52,"column":20}},{"start":{"line":53,"column":14},"end":{"line":53,"column":20}}]},"4":{"line":55,"type":"binary-expr","locations":[{"start":{"line":55,"column":16},"end":{"line":55,"column":44}},{"start":{"line":55,"column":49},"end":{"line":57,"column":43}}]},"5":{"line":55,"type":"cond-expr","locations":[{"start":{"line":56,"column":14},"end":{"line":56,"column":56}},{"start":{"line":57,"column":14},"end":{"line":57,"column":43}}]},"6":{"line":61,"type":"switch","locations":[{"start":{"line":68,"column":4},"end":{"line":150,"column":14},"skip":true},{"start":{"line":156,"column":4},"end":{"line":324,"column":14},"skip":true}]},"7":{"line":70,"type":"if","locations":[{"start":{"line":70,"column":12},"end":{"line":70,"column":12},"skip":true},{"start":{"line":70,"column":12},"end":{"line":70,"column":12},"skip":true}]},"8":{"line":70,"type":"binary-expr","locations":[{"start":{"line":70,"column":16},"end":{"line":70,"column":22},"skip":true},{"start":{"line":70,"column":27},"end":{"line":70,"column":32},"skip":true},{"start":{"line":71,"column":20},"end":{"line":71,"column":39},"skip":true},{"start":{"line":72,"column":20},"end":{"line":72,"column":49},"skip":true},{"start":{"line":73,"column":20},"end":{"line":73,"column":58},"skip":true},{"start":{"line":74,"column":20},"end":{"line":74,"column":69},"skip":true}]},"9":{"line":79,"type":"switch","locations":[{"start":{"line":80,"column":20},"end":{"line":80,"column":33},"skip":true},{"start":{"line":81,"column":20},"end":{"line":83,"column":30},"skip":true},{"start":{"line":84,"column":20},"end":{"line":85,"column":49},"skip":true}]},"10":{"line":89,"type":"switch","locations":[{"start":{"line":90,"column":12},"end":{"line":103,"column":22},"skip":true},{"start":{"line":105,"column":12},"end":{"line":106,"column":22},"skip":true}]},"11":{"line":89,"type":"binary-expr","locations":[{"start":{"line":89,"column":20},"end":{"line":89,"column":25},"skip":true},{"start":{"line":89,"column":29},"end":{"line":89,"column":48},"skip":true},{"start":{"line":89,"column":52},"end":{"line":89,"column":74},"skip":true}]},"12":{"line":92,"type":"if","locations":[{"start":{"line":92,"column":16},"end":{"line":92,"column":16},"skip":true},{"start":{"line":92,"column":16},"end":{"line":92,"column":16},"skip":true}]},"13":{"line":108,"type":"if","locations":[{"start":{"line":108,"column":12},"end":{"line":108,"column":12},"skip":true},{"start":{"line":108,"column":12},"end":{"line":108,"column":12},"skip":true}]},"14":{"line":108,"type":"binary-expr","locations":[{"start":{"line":108,"column":16},"end":{"line":108,"column":61},"skip":true},{"start":{"line":108,"column":66},"end":{"line":108,"column":72},"skip":true},{"start":{"line":108,"column":77},"end":{"line":108,"column":82},"skip":true},{"start":{"line":109,"column":20},"end":{"line":109,"column":39},"skip":true},{"start":{"line":110,"column":20},"end":{"line":110,"column":49},"skip":true},{"start":{"line":111,"column":20},"end":{"line":111,"column":58},"skip":true},{"start":{"line":112,"column":20},"end":{"line":112,"column":68},"skip":true}]},"15":{"line":129,"type":"if","locations":[{"start":{"line":129,"column":16},"end":{"line":129,"column":16},"skip":true},{"start":{"line":129,"column":16},"end":{"line":129,"column":16},"skip":true}]},"16":{"line":134,"type":"cond-expr","locations":[{"start":{"line":135,"column":26},"end":{"line":135,"column":29},"skip":true},{"start":{"line":136,"column":26},"end":{"line":136,"column":54},"skip":true}]},"17":{"line":164,"type":"binary-expr","locations":[{"start":{"line":164,"column":27},"end":{"line":164,"column":43},"skip":true},{"start":{"line":164,"column":47},"end":{"line":164,"column":49},"skip":true}]},"18":{"line":258,"type":"if","locations":[{"start":{"line":258,"column":8},"end":{"line":258,"column":8},"skip":true},{"start":{"line":258,"column":8},"end":{"line":258,"column":8},"skip":true}]},"19":{"line":275,"type":"switch","locations":[{"start":{"line":276,"column":20},"end":{"line":277,"column":64},"skip":true},{"start":{"line":278,"column":20},"end":{"line":279,"column":40},"skip":true},{"start":{"line":280,"column":20},"end":{"line":281,"column":40},"skip":true},{"start":{"line":282,"column":20},"end":{"line":283,"column":39},"skip":true}]},"20":{"line":288,"type":"if","locations":[{"start":{"line":288,"column":8},"end":{"line":288,"column":8},"skip":true},{"start":{"line":288,"column":8},"end":{"line":288,"column":8},"skip":true}]},"21":{"line":288,"type":"binary-expr","locations":[{"start":{"line":288,"column":12},"end":{"line":288,"column":40},"skip":true},{"start":{"line":288,"column":44},"end":{"line":288,"column":67},"skip":true}]},"22":{"line":292,"type":"binary-expr","locations":[{"start":{"line":292,"column":12},"end":{"line":292,"column":50},"skip":true},{"start":{"line":293,"column":12},"end":{"line":293,"column":53},"skip":true}]},"23":{"line":297,"type":"binary-expr","locations":[{"start":{"line":297,"column":12},"end":{"line":297,"column":70},"skip":true},{"start":{"line":298,"column":12},"end":{"line":301,"column":36},"skip":true}]},"24":{"line":303,"type":"binary-expr","locations":[{"start":{"line":303,"column":43},"end":{"line":303,"column":75},"skip":true},{"start":{"line":303,"column":79},"end":{"line":303,"column":81},"skip":true}]},"25":{"line":306,"type":"if","locations":[{"start":{"line":306,"column":8},"end":{"line":306,"column":8},"skip":true},{"start":{"line":306,"column":8},"end":{"line":306,"column":8},"skip":true}]},"26":{"line":310,"type":"if","locations":[{"start":{"line":310,"column":8},"end":{"line":310,"column":8},"skip":true},{"start":{"line":310,"column":8},"end":{"line":310,"column":8},"skip":true}]},"27":{"line":313,"type":"binary-expr","locations":[{"start":{"line":313,"column":27},"end":{"line":313,"column":43},"skip":true},{"start":{"line":313,"column":47},"end":{"line":313,"column":53},"skip":true}]},"28":{"line":317,"type":"if","locations":[{"start":{"line":317,"column":12},"end":{"line":317,"column":12},"skip":true},{"start":{"line":317,"column":12},"end":{"line":317,"column":12},"skip":true}]}},"code":["/*","example.js","","quickstart example","","instruction","    1. save this script as example.js","    2. run the shell command:","        $ npm install npmtest-transmission && PORT=8081 node example.js","    3. play with the browser-demo on http://127.0.0.1:8081","*/","","","","/* istanbul instrument in package npmtest_transmission */","/*jslint","    bitwise: true,","    browser: true,","    maxerr: 8,","    maxlen: 96,","    node: true,","    nomen: true,","    regexp: true,","    stupid: true","*/","(function () {","    'use strict';","    var local;","","","","    // run shared js-env code - pre-init","    (function () {","        // init local","        local = {};","        // init modeJs","        local.modeJs = (function () {","            try {","                return typeof navigator.userAgent === 'string' &&","                    typeof document.querySelector('body') === 'object' &&","                    typeof XMLHttpRequest.prototype.open === 'function' &&","                    'browser';","            } catch (errorCaughtBrowser) {","                return module.exports &&","                    typeof process.versions.node === 'string' &&","                    typeof require('http').createServer === 'function' &&","                    'node';","            }","        }());","        // init global","        local.global = local.modeJs === 'browser'","            ? window","            : global;","        // init utility2_rollup","        local = local.global.utility2_rollup || (local.modeJs === 'browser'","            ? local.global.utility2_npmtest_transmission","            : global.utility2_moduleExports);","        // export local","        local.global.local = local;","    }());","    switch (local.modeJs) {","","","","    // post-init","    // run browser js-env code - post-init","    /* istanbul ignore next */","    case 'browser':","        local.testRunBrowser = function (event) {","            if (!event || (event &&","                    event.currentTarget &&","                    event.currentTarget.className &&","                    event.currentTarget.className.includes &&","                    event.currentTarget.className.includes('onreset'))) {","                // reset output","                Array.from(","                    document.querySelectorAll('body > .resettable')","                ).forEach(function (element) {","                    switch (element.tagName) {","                    case 'INPUT':","                    case 'TEXTAREA':","                        element.value = '';","                        break;","                    default:","                        element.textContent = '';","                    }","                });","            }","            switch (event && event.currentTarget && event.currentTarget.id) {","            case 'testRunButton1':","                // show tests","                if (document.querySelector('#testReportDiv1').style.display === 'none') {","                    document.querySelector('#testReportDiv1').style.display = 'block';","                    document.querySelector('#testRunButton1').textContent =","                        'hide internal test';","                    local.modeTest = true;","                    local.testRunDefault(local);","                // hide tests","                } else {","                    document.querySelector('#testReportDiv1').style.display = 'none';","                    document.querySelector('#testRunButton1').textContent = 'run internal test';","                }","                break;","            // custom-case","            default:","                break;","            }","            if (document.querySelector('#inputTextareaEval1') && (!event || (event &&","                    event.currentTarget &&","                    event.currentTarget.className &&","                    event.currentTarget.className.includes &&","                    event.currentTarget.className.includes('oneval')))) {","                // try to eval input-code","                try {","                    /*jslint evil: true*/","                    eval(document.querySelector('#inputTextareaEval1').value);","                } catch (errorCaught) {","                    console.error(errorCaught);","                }","            }","        };","        // log stderr and stdout to #outputTextareaStdout1","        ['error', 'log'].forEach(function (key) {","            console[key + '_original'] = console[key];","            console[key] = function () {","                var element;","                console[key + '_original'].apply(console, arguments);","                element = document.querySelector('#outputTextareaStdout1');","                if (!element) {","                    return;","                }","                // append text to #outputTextareaStdout1","                element.value += Array.from(arguments).map(function (arg) {","                    return typeof arg === 'string'","                        ? arg","                        : JSON.stringify(arg, null, 4);","                }).join(' ') + '\\n';","                // scroll textarea to bottom","                element.scrollTop = element.scrollHeight;","            };","        });","        // init event-handling","        ['change', 'click', 'keyup'].forEach(function (event) {","            Array.from(document.querySelectorAll('.on' + event)).forEach(function (element) {","                element.addEventListener(event, local.testRunBrowser);","            });","        });","        // run tests","        local.testRunBrowser();","        break;","","","","    // run node js-env code - post-init","    /* istanbul ignore next */","    case 'node':","        // export local","        module.exports = local;","        // require modules","        local.fs = require('fs');","        local.http = require('http');","        local.url = require('url');","        // init assets","        local.assetsDict = local.assetsDict || {};","        /* jslint-ignore-begin */","        local.assetsDict['/assets.index.template.html'] = '\\","<!doctype html>\\n\\","<html lang=\"en\">\\n\\","<head>\\n\\","<meta charset=\"UTF-8\">\\n\\","<meta name=\"viewport\" content=\"width=device-width, initial-scale=1\">\\n\\","<title>{{env.npm_package_name}} (v{{env.npm_package_version}})</title>\\n\\","<style>\\n\\","/*csslint\\n\\","    box-sizing: false,\\n\\","    universal-selector: false\\n\\","*/\\n\\","* {\\n\\","    box-sizing: border-box;\\n\\","}\\n\\","body {\\n\\","    background: #dde;\\n\\","    font-family: Arial, Helvetica, sans-serif;\\n\\","    margin: 2rem;\\n\\","}\\n\\","body > * {\\n\\","    margin-bottom: 1rem;\\n\\","}\\n\\",".utility2FooterDiv {\\n\\","    margin-top: 20px;\\n\\","    text-align: center;\\n\\","}\\n\\","</style>\\n\\","<style>\\n\\","/*csslint\\n\\","*/\\n\\","textarea {\\n\\","    font-family: monospace;\\n\\","    height: 10rem;\\n\\","    width: 100%;\\n\\","}\\n\\","textarea[readonly] {\\n\\","    background: #ddd;\\n\\","}\\n\\","</style>\\n\\","</head>\\n\\","<body>\\n\\","<!-- utility2-comment\\n\\","<div id=\"ajaxProgressDiv1\" style=\"background: #d00; height: 2px; left: 0; margin: 0; padding: 0; position: fixed; top: 0; transition: background 0.5s, width 1.5s; width: 25%;\"></div>\\n\\","utility2-comment -->\\n\\","<h1>\\n\\","<!-- utility2-comment\\n\\","    <a\\n\\","        {{#if env.npm_package_homepage}}\\n\\","        href=\"{{env.npm_package_homepage}}\"\\n\\","        {{/if env.npm_package_homepage}}\\n\\","        target=\"_blank\"\\n\\","    >\\n\\","utility2-comment -->\\n\\","        {{env.npm_package_name}} (v{{env.npm_package_version}})\\n\\","<!-- utility2-comment\\n\\","    </a>\\n\\","utility2-comment -->\\n\\","</h1>\\n\\","<h3>{{env.npm_package_description}}</h3>\\n\\","<!-- utility2-comment\\n\\","<h4><a download href=\"assets.app.js\">download standalone app</a></h4>\\n\\","<button class=\"onclick onreset\" id=\"testRunButton1\">run internal test</button><br>\\n\\","<div id=\"testReportDiv1\" style=\"display: none;\"></div>\\n\\","utility2-comment -->\\n\\","\\n\\","\\n\\","\\n\\","<label>stderr and stdout</label>\\n\\","<textarea class=\"resettable\" id=\"outputTextareaStdout1\" readonly></textarea>\\n\\","<!-- utility2-comment\\n\\","{{#if isRollup}}\\n\\","<script src=\"assets.app.js\"></script>\\n\\","{{#unless isRollup}}\\n\\","utility2-comment -->\\n\\","<script src=\"assets.utility2.rollup.js\"></script>\\n\\","<script src=\"jsonp.utility2._stateInit?callback=window.utility2._stateInit\"></script>\\n\\","<script src=\"assets.npmtest_transmission.rollup.js\"></script>\\n\\","<script src=\"assets.example.js\"></script>\\n\\","<script src=\"assets.test.js\"></script>\\n\\","<!-- utility2-comment\\n\\","{{/if isRollup}}\\n\\","utility2-comment -->\\n\\","<div class=\"utility2FooterDiv\">\\n\\","    [ this app was created with\\n\\","    <a href=\"https://github.com/kaizhu256/node-utility2\" target=\"_blank\">utility2</a>\\n\\","    ]\\n\\","</div>\\n\\","</body>\\n\\","</html>\\n\\","';","        /* jslint-ignore-end */","        if (local.templateRender) {","            local.assetsDict['/'] = local.templateRender(","                local.assetsDict['/assets.index.template.html'],","                {","                    env: local.objectSetDefault(local.env, {","                        npm_package_description: 'the greatest app in the world!',","                        npm_package_name: 'my-app',","                        npm_package_nameAlias: 'my_app',","                        npm_package_version: '0.0.1'","                    })","                }","            );","        } else {","            local.assetsDict['/'] = local.assetsDict['/assets.index.template.html']","                .replace((/\\{\\{env\\.(\\w+?)\\}\\}/g), function (match0, match1) {","                    // jslint-hack","                    String(match0);","                    switch (match1) {","                    case 'npm_package_description':","                        return 'the greatest app in the world!';","                    case 'npm_package_name':","                        return 'my-app';","                    case 'npm_package_nameAlias':","                        return 'my_app';","                    case 'npm_package_version':","                        return '0.0.1';","                    }","                });","        }","        // run the cli","        if (local.global.utility2_rollup || module !== require.main) {","            break;","        }","        local.assetsDict['/assets.example.js'] =","            local.assetsDict['/assets.example.js'] ||","            local.fs.readFileSync(__filename, 'utf8');","        // bug-workaround - long $npm_package_buildCustomOrg","        /* jslint-ignore-begin */","        local.assetsDict['/assets.npmtest_transmission.rollup.js'] =","            local.assetsDict['/assets.npmtest_transmission.rollup.js'] ||","            local.fs.readFileSync(","                local.npmtest_transmission.__dirname + '/lib.npmtest_transmission.js',","                'utf8'","            ).replace((/^#!/), '//');","        /* jslint-ignore-end */","        local.assetsDict['/favicon.ico'] = local.assetsDict['/favicon.ico'] || '';","        // if $npm_config_timeout_exit exists,","        // then exit this process after $npm_config_timeout_exit ms","        if (Number(process.env.npm_config_timeout_exit)) {","            setTimeout(process.exit, Number(process.env.npm_config_timeout_exit));","        }","        // start server","        if (local.global.utility2_serverHttp1) {","            break;","        }","        process.env.PORT = process.env.PORT || '8081';","        console.error('server starting on port ' + process.env.PORT);","        local.http.createServer(function (request, response) {","            request.urlParsed = local.url.parse(request.url);","            if (local.assetsDict[request.urlParsed.pathname] !== undefined) {","                response.end(local.assetsDict[request.urlParsed.pathname]);","                return;","            }","            response.statusCode = 404;","            response.end();","        }).listen(process.env.PORT);","        break;","    }","}());",""],"l":{"26":2,"28":2,"33":2,"35":2,"37":2,"38":2,"39":2,"44":1,"51":2,"55":2,"59":2,"61":2,"69":1,"70":2,"76":2,"79":2,"82":2,"83":2,"85":1,"89":2,"92":1,"93":1,"94":1,"96":1,"97":1,"100":1,"101":1,"103":1,"106":1,"108":2,"114":1,"116":1,"118":1,"123":1,"124":2,"125":2,"126":3,"127":3,"128":3,"129":3,"130":1,"133":3,"134":3,"139":3,"143":1,"144":3,"145":1,"149":1,"150":1,"158":1,"160":1,"161":1,"162":1,"164":1,"166":1,"258":1,"259":1,"271":1,"274":6,"275":6,"277":1,"279":2,"281":1,"283":2,"288":1,"289":1,"291":1,"296":1,"303":1,"306":1,"307":1,"310":1,"311":1,"313":1,"314":1,"315":1,"316":1,"317":1,"318":1,"319":1,"321":1,"322":1,"324":1}},"/home/travis/build/npmtest/node-npmtest-transmission/node_modules/transmission/lib/transmission.js":{"path":"/home/travis/build/npmtest/node-npmtest-transmission/node_modules/transmission/lib/transmission.js","s":{"1":1,"2":1,"3":1,"4":1,"5":1,"6":1,"7":1,"8":1,"9":0,"10":0,"11":0,"12":0,"13":0,"14":0,"15":0,"16":0,"17":0,"18":1,"19":1,"20":0,"21":0,"22":0,"23":0,"24":0,"25":0,"26":0,"27":0,"28":0,"29":0,"30":0,"31":1,"32":0,"33":1,"34":0,"35":0,"36":0,"37":0,"38":0,"39":0,"40":0,"41":0,"42":1,"43":0,"44":0,"45":0,"46":1,"47":0,"48":0,"49":0,"50":1,"51":0,"52":0,"53":0,"54":0,"55":0,"56":0,"57":0,"58":0,"59":0,"60":0,"61":0,"62":0,"63":1,"64":0,"65":0,"66":0,"67":0,"68":0,"69":0,"70":1,"71":0,"72":0,"73":0,"74":0,"75":0,"76":0,"77":1,"78":0,"79":0,"80":0,"81":1,"82":0,"83":0,"84":0,"85":0,"86":0,"87":0,"88":0,"89":1,"90":0,"91":0,"92":0,"93":0,"94":0,"95":0,"96":0,"97":0,"98":0,"99":0,"100":0,"101":0,"102":0,"103":0,"104":0,"105":0,"106":0,"107":0,"108":0,"109":1,"110":0,"111":0,"112":0,"113":0,"114":0,"115":0,"116":0,"117":1,"118":0,"119":0,"120":0,"121":0,"122":0,"123":0,"124":0,"125":1,"126":0,"127":0,"128":0,"129":0,"130":0,"131":0,"132":0,"133":1,"134":0,"135":0,"136":0,"137":1,"138":0,"139":0,"140":1,"141":0,"142":0,"143":0,"144":1,"145":0,"146":0,"147":1,"148":0,"149":0,"150":0,"151":1,"152":0,"153":0,"154":0,"155":1,"156":0,"157":0,"158":0,"159":1,"160":0,"161":0,"162":1,"163":0,"164":0,"165":0,"166":1,"167":0,"168":0,"169":0,"170":0,"171":0,"172":0,"173":0,"174":0,"175":0,"176":0,"177":0,"178":0,"179":0,"180":0,"181":0,"182":0,"183":1,"184":0,"185":0,"186":1,"187":0,"188":0,"189":1,"190":0,"191":0,"192":0,"193":0,"194":0,"195":1,"196":0,"197":1,"198":0,"199":1,"200":0,"201":0,"202":0,"203":0,"204":0,"205":0,"206":0,"207":0,"208":0,"209":0,"210":0,"211":0,"212":0,"213":0,"214":0,"215":0,"216":0,"217":0,"218":0,"219":0,"220":0,"221":0,"222":1,"223":1,"224":1,"225":8,"226":1},"b":{"1":[0,0],"2":[0,0],"3":[0,0],"4":[0,0],"5":[0,0],"6":[0,0],"7":[0,0],"8":[0,0],"9":[0,0],"10":[0,0],"11":[0,0],"12":[0,0],"13":[0,0],"14":[0,0],"15":[0,0],"16":[0,0],"17":[0,0],"18":[0,0],"19":[0,0],"20":[0,0],"21":[0,0],"22":[0,0],"23":[0,0],"24":[0,0],"25":[0,0],"26":[0,0],"27":[0,0],"28":[0,0],"29":[0,0],"30":[0,0],"31":[0,0],"32":[0,0],"33":[0,0],"34":[0,0],"35":[0,0],"36":[0,0],"37":[0,0],"38":[0,0],"39":[0,0],"40":[0,0],"41":[0,0],"42":[0,0],"43":[0,0],"44":[0,0],"45":[0,0]},"f":{"1":0,"2":0,"3":0,"4":0,"5":0,"6":0,"7":0,"8":0,"9":0,"10":0,"11":0,"12":0,"13":0,"14":0,"15":0,"16":0,"17":0,"18":0,"19":0,"20":0,"21":0,"22":0,"23":0,"24":0,"25":0,"26":0,"27":0,"28":0,"29":0,"30":0,"31":0,"32":0,"33":0,"34":0,"35":0,"36":0,"37":0,"38":0,"39":0,"40":0,"41":0,"42":8},"fnMap":{"1":{"name":"(anonymous_1)","line":11,"loc":{"start":{"line":11,"column":36},"end":{"line":11,"column":55}}},"2":{"name":"(anonymous_2)","line":30,"loc":{"start":{"line":30,"column":29},"end":{"line":30,"column":63}}},"3":{"name":"(anonymous_3)","line":51,"loc":{"start":{"line":51,"column":7},"end":{"line":51,"column":22}}},"4":{"name":"(anonymous_4)","line":57,"loc":{"start":{"line":57,"column":29},"end":{"line":57,"column":64}}},"5":{"name":"(anonymous_5)","line":62,"loc":{"start":{"line":62,"column":33},"end":{"line":62,"column":72}}},"6":{"name":"(anonymous_6)","line":64,"loc":{"start":{"line":64,"column":26},"end":{"line":64,"column":47}}},"7":{"name":"(anonymous_7)","line":75,"loc":{"start":{"line":75,"column":35},"end":{"line":75,"column":73}}},"8":{"name":"(anonymous_8)","line":81,"loc":{"start":{"line":81,"column":32},"end":{"line":81,"column":66}}},"9":{"name":"(anonymous_9)","line":87,"loc":{"start":{"line":87,"column":43},"end":{"line":87,"column":78}}},"10":{"name":"(anonymous_10)","line":104,"loc":{"start":{"line":104,"column":7},"end":{"line":104,"column":30}}},"11":{"name":"(anonymous_11)","line":113,"loc":{"start":{"line":113,"column":32},"end":{"line":113,"column":62}}},"12":{"name":"(anonymous_12)","line":130,"loc":{"start":{"line":130,"column":30},"end":{"line":130,"column":71}}},"13":{"name":"(anonymous_13)","line":149,"loc":{"start":{"line":149,"column":32},"end":{"line":149,"column":69}}},"14":{"name":"(anonymous_14)","line":164,"loc":{"start":{"line":164,"column":29},"end":{"line":164,"column":54}}},"15":{"name":"(anonymous_15)","line":185,"loc":{"start":{"line":185,"column":38},"end":{"line":185,"column":75}}},"16":{"name":"(anonymous_16)","line":190,"loc":{"start":{"line":190,"column":14},"end":{"line":190,"column":26}}},"17":{"name":"(anonymous_17)","line":192,"loc":{"start":{"line":192,"column":4},"end":{"line":192,"column":23}}},"18":{"name":"(anonymous_18)","line":193,"loc":{"start":{"line":193,"column":15},"end":{"line":193,"column":37}}},"19":{"name":"(anonymous_19)","line":211,"loc":{"start":{"line":211,"column":4},"end":{"line":211,"column":18}}},"20":{"name":"(anonymous_20)","line":220,"loc":{"start":{"line":220,"column":31},"end":{"line":220,"column":56}}},"21":{"name":"(anonymous_21)","line":231,"loc":{"start":{"line":231,"column":29},"end":{"line":231,"column":52}}},"22":{"name":"(anonymous_22)","line":240,"loc":{"start":{"line":240,"column":31},"end":{"line":240,"column":56}}},"23":{"name":"(anonymous_23)","line":251,"loc":{"start":{"line":251,"column":29},"end":{"line":251,"column":52}}},"24":{"name":"(anonymous_24)","line":260,"loc":{"start":{"line":260,"column":30},"end":{"line":260,"column":55}}},"25":{"name":"(anonymous_25)","line":270,"loc":{"start":{"line":270,"column":29},"end":{"line":270,"column":52}}},"26":{"name":"(anonymous_26)","line":279,"loc":{"start":{"line":279,"column":30},"end":{"line":279,"column":55}}},"27":{"name":"(anonymous_27)","line":291,"loc":{"start":{"line":291,"column":33},"end":{"line":291,"column":53}}},"28":{"name":"(anonymous_28)","line":298,"loc":{"start":{"line":298,"column":31},"end":{"line":298,"column":56}}},"29":{"name":"(anonymous_29)","line":310,"loc":{"start":{"line":310,"column":34},"end":{"line":310,"column":54}}},"30":{"name":"(anonymous_30)","line":317,"loc":{"start":{"line":317,"column":34},"end":{"line":317,"column":59}}},"31":{"name":"(anonymous_31)","line":329,"loc":{"start":{"line":329,"column":32},"end":{"line":329,"column":57}}},"32":{"name":"(anonymous_32)","line":341,"loc":{"start":{"line":341,"column":36},"end":{"line":341,"column":61}}},"33":{"name":"(anonymous_33)","line":353,"loc":{"start":{"line":353,"column":29},"end":{"line":353,"column":49}}},"34":{"name":"(anonymous_34)","line":364,"loc":{"start":{"line":364,"column":32},"end":{"line":364,"column":52}}},"35":{"name":"(anonymous_35)","line":377,"loc":{"start":{"line":377,"column":33},"end":{"line":377,"column":59}}},"36":{"name":"(anonymous_36)","line":408,"loc":{"start":{"line":408,"column":38},"end":{"line":408,"column":58}}},"37":{"name":"(anonymous_37)","line":416,"loc":{"start":{"line":416,"column":35},"end":{"line":416,"column":61}}},"38":{"name":"(anonymous_38)","line":426,"loc":{"start":{"line":426,"column":36},"end":{"line":426,"column":63}}},"39":{"name":"onResponse","line":448,"loc":{"start":{"line":448,"column":4},"end":{"line":448,"column":34}}},"40":{"name":"onData","line":451,"loc":{"start":{"line":451,"column":8},"end":{"line":451,"column":31}}},"41":{"name":"onEnd","line":455,"loc":{"start":{"line":455,"column":8},"end":{"line":455,"column":25}}},"42":{"name":"(anonymous_42)","line":496,"loc":{"start":{"line":496,"column":43},"end":{"line":496,"column":64}}}},"statementMap":{"1":{"start":{"line":2,"column":0},"end":{"line":2,"column":27}},"2":{"start":{"line":3,"column":0},"end":{"line":3,"column":29}},"3":{"start":{"line":4,"column":0},"end":{"line":4,"column":27}},"4":{"start":{"line":5,"column":0},"end":{"line":5,"column":23}},"5":{"start":{"line":6,"column":0},"end":{"line":6,"column":31}},"6":{"start":{"line":7,"column":0},"end":{"line":7,"column":29}},"7":{"start":{"line":9,"column":0},"end":{"line":9,"column":35}},"8":{"start":{"line":11,"column":0},"end":{"line":26,"column":2}},"9":{"start":{"line":13,"column":4},"end":{"line":13,"column":35}},"10":{"start":{"line":15,"column":4},"end":{"line":15,"column":28}},"11":{"start":{"line":16,"column":4},"end":{"line":16,"column":50}},"12":{"start":{"line":17,"column":4},"end":{"line":17,"column":44}},"13":{"start":{"line":18,"column":4},"end":{"line":18,"column":37}},"14":{"start":{"line":19,"column":4},"end":{"line":19,"column":50}},"15":{"start":{"line":20,"column":4},"end":{"line":20,"column":20}},"16":{"start":{"line":22,"column":4},"end":{"line":24,"column":5}},"17":{"start":{"line":23,"column":8},"end":{"line":23,"column":136}},"18":{"start":{"line":28,"column":0},"end":{"line":28,"column":49}},"19":{"start":{"line":30,"column":0},"end":{"line":55,"column":2}},"20":{"start":{"line":31,"column":4},"end":{"line":31,"column":43}},"21":{"start":{"line":32,"column":4},"end":{"line":32,"column":26}},"22":{"start":{"line":34,"column":4},"end":{"line":45,"column":5}},"23":{"start":{"line":35,"column":8},"end":{"line":35,"column":27}},"24":{"start":{"line":37,"column":8},"end":{"line":44,"column":9}},"25":{"start":{"line":38,"column":12},"end":{"line":38,"column":44}},"26":{"start":{"line":39,"column":12},"end":{"line":41,"column":13}},"27":{"start":{"line":40,"column":16},"end":{"line":40,"column":49}},"28":{"start":{"line":43,"column":12},"end":{"line":43,"column":67}},"29":{"start":{"line":47,"column":4},"end":{"line":53,"column":7}},"30":{"start":{"line":52,"column":8},"end":{"line":52,"column":22}},"31":{"start":{"line":57,"column":0},"end":{"line":60,"column":2}},"32":{"start":{"line":59,"column":4},"end":{"line":59,"column":41}},"33":{"start":{"line":62,"column":0},"end":{"line":73,"column":2}},"34":{"start":{"line":63,"column":4},"end":{"line":63,"column":20}},"35":{"start":{"line":64,"column":4},"end":{"line":72,"column":7}},"36":{"start":{"line":65,"column":8},"end":{"line":67,"column":9}},"37":{"start":{"line":66,"column":12},"end":{"line":66,"column":22}},"38":{"start":{"line":68,"column":8},"end":{"line":68,"column":68}},"39":{"start":{"line":69,"column":8},"end":{"line":69,"column":22}},"40":{"start":{"line":70,"column":8},"end":{"line":70,"column":42}},"41":{"start":{"line":71,"column":8},"end":{"line":71,"column":56}},"42":{"start":{"line":75,"column":0},"end":{"line":79,"column":2}},"43":{"start":{"line":76,"column":4},"end":{"line":76,"column":18}},"44":{"start":{"line":77,"column":4},"end":{"line":77,"column":28}},"45":{"start":{"line":78,"column":4},"end":{"line":78,"column":52}},"46":{"start":{"line":81,"column":0},"end":{"line":85,"column":2}},"47":{"start":{"line":82,"column":4},"end":{"line":82,"column":18}},"48":{"start":{"line":83,"column":4},"end":{"line":83,"column":24}},"49":{"start":{"line":84,"column":4},"end":{"line":84,"column":52}},"50":{"start":{"line":87,"column":0},"end":{"line":111,"column":2}},"51":{"start":{"line":88,"column":4},"end":{"line":99,"column":5}},"52":{"start":{"line":89,"column":8},"end":{"line":89,"column":27}},"53":{"start":{"line":91,"column":8},"end":{"line":98,"column":9}},"54":{"start":{"line":92,"column":12},"end":{"line":92,"column":44}},"55":{"start":{"line":93,"column":12},"end":{"line":95,"column":13}},"56":{"start":{"line":94,"column":16},"end":{"line":94,"column":49}},"57":{"start":{"line":97,"column":12},"end":{"line":97,"column":67}},"58":{"start":{"line":100,"column":4},"end":{"line":110,"column":7}},"59":{"start":{"line":105,"column":8},"end":{"line":107,"column":9}},"60":{"start":{"line":106,"column":12},"end":{"line":106,"column":33}},"61":{"start":{"line":108,"column":8},"end":{"line":108,"column":106}},"62":{"start":{"line":109,"column":8},"end":{"line":109,"column":31}},"63":{"start":{"line":113,"column":0},"end":{"line":128,"column":2}},"64":{"start":{"line":114,"column":4},"end":{"line":114,"column":43}},"65":{"start":{"line":115,"column":4},"end":{"line":118,"column":5}},"66":{"start":{"line":116,"column":8},"end":{"line":116,"column":23}},"67":{"start":{"line":117,"column":8},"end":{"line":117,"column":20}},"68":{"start":{"line":119,"column":4},"end":{"line":126,"column":6}},"69":{"start":{"line":127,"column":4},"end":{"line":127,"column":39}},"70":{"start":{"line":130,"column":0},"end":{"line":146,"column":2}},"71":{"start":{"line":131,"column":4},"end":{"line":131,"column":43}},"72":{"start":{"line":132,"column":4},"end":{"line":135,"column":5}},"73":{"start":{"line":133,"column":8},"end":{"line":133,"column":24}},"74":{"start":{"line":134,"column":8},"end":{"line":134,"column":20}},"75":{"start":{"line":136,"column":4},"end":{"line":144,"column":6}},"76":{"start":{"line":145,"column":4},"end":{"line":145,"column":39}},"77":{"start":{"line":149,"column":0},"end":{"line":161,"column":2}},"78":{"start":{"line":150,"column":4},"end":{"line":150,"column":43}},"79":{"start":{"line":151,"column":4},"end":{"line":159,"column":6}},"80":{"start":{"line":160,"column":4},"end":{"line":160,"column":39}},"81":{"start":{"line":164,"column":0},"end":{"line":183,"column":2}},"82":{"start":{"line":165,"column":4},"end":{"line":172,"column":6}},"83":{"start":{"line":174,"column":4},"end":{"line":179,"column":5}},"84":{"start":{"line":175,"column":8},"end":{"line":175,"column":23}},"85":{"start":{"line":176,"column":8},"end":{"line":176,"column":39}},"86":{"start":{"line":178,"column":8},"end":{"line":178,"column":65}},"87":{"start":{"line":181,"column":4},"end":{"line":181,"column":39}},"88":{"start":{"line":182,"column":4},"end":{"line":182,"column":16}},"89":{"start":{"line":185,"column":0},"end":{"line":218,"column":2}},"90":{"start":{"line":187,"column":4},"end":{"line":187,"column":20}},"91":{"start":{"line":188,"column":1},"end":{"line":188,"column":29}},"92":{"start":{"line":189,"column":1},"end":{"line":189,"column":26}},"93":{"start":{"line":190,"column":1},"end":{"line":217,"column":4}},"94":{"start":{"line":191,"column":2},"end":{"line":191,"column":37}},"95":{"start":{"line":193,"column":2},"end":{"line":210,"column":5}},"96":{"start":{"line":194,"column":3},"end":{"line":196,"column":4}},"97":{"start":{"line":195,"column":4},"end":{"line":195,"column":25}},"98":{"start":{"line":197,"column":3},"end":{"line":197,"column":36}},"99":{"start":{"line":199,"column":3},"end":{"line":201,"column":4}},"100":{"start":{"line":200,"column":4},"end":{"line":200,"column":66}},"101":{"start":{"line":203,"column":3},"end":{"line":203,"column":27}},"102":{"start":{"line":204,"column":3},"end":{"line":204,"column":50}},"103":{"start":{"line":205,"column":3},"end":{"line":209,"column":4}},"104":{"start":{"line":206,"column":4},"end":{"line":206,"column":28}},"105":{"start":{"line":208,"column":4},"end":{"line":208,"column":31}},"106":{"start":{"line":212,"column":2},"end":{"line":214,"column":3}},"107":{"start":{"line":213,"column":3},"end":{"line":213,"column":23}},"108":{"start":{"line":215,"column":2},"end":{"line":215,"column":32}},"109":{"start":{"line":220,"column":0},"end":{"line":238,"column":2}},"110":{"start":{"line":221,"column":4},"end":{"line":221,"column":43}},"111":{"start":{"line":222,"column":4},"end":{"line":229,"column":6}},"112":{"start":{"line":231,"column":4},"end":{"line":236,"column":7}},"113":{"start":{"line":232,"column":8},"end":{"line":234,"column":9}},"114":{"start":{"line":233,"column":12},"end":{"line":233,"column":33}},"115":{"start":{"line":235,"column":8},"end":{"line":235,"column":40}},"116":{"start":{"line":237,"column":4},"end":{"line":237,"column":16}},"117":{"start":{"line":240,"column":0},"end":{"line":258,"column":2}},"118":{"start":{"line":241,"column":4},"end":{"line":241,"column":43}},"119":{"start":{"line":242,"column":4},"end":{"line":249,"column":6}},"120":{"start":{"line":251,"column":4},"end":{"line":256,"column":7}},"121":{"start":{"line":252,"column":8},"end":{"line":254,"column":9}},"122":{"start":{"line":253,"column":12},"end":{"line":253,"column":33}},"123":{"start":{"line":255,"column":8},"end":{"line":255,"column":40}},"124":{"start":{"line":257,"column":4},"end":{"line":257,"column":16}},"125":{"start":{"line":260,"column":0},"end":{"line":277,"column":2}},"126":{"start":{"line":261,"column":4},"end":{"line":261,"column":43}},"127":{"start":{"line":262,"column":4},"end":{"line":269,"column":6}},"128":{"start":{"line":270,"column":4},"end":{"line":275,"column":7}},"129":{"start":{"line":271,"column":8},"end":{"line":273,"column":9}},"130":{"start":{"line":272,"column":12},"end":{"line":272,"column":33}},"131":{"start":{"line":274,"column":8},"end":{"line":274,"column":40}},"132":{"start":{"line":276,"column":4},"end":{"line":276,"column":16}},"133":{"start":{"line":279,"column":0},"end":{"line":289,"column":2}},"134":{"start":{"line":280,"column":4},"end":{"line":280,"column":43}},"135":{"start":{"line":281,"column":4},"end":{"line":287,"column":17}},"136":{"start":{"line":288,"column":4},"end":{"line":288,"column":16}},"137":{"start":{"line":291,"column":0},"end":{"line":296,"column":2}},"138":{"start":{"line":292,"column":4},"end":{"line":294,"column":17}},"139":{"start":{"line":295,"column":4},"end":{"line":295,"column":16}},"140":{"start":{"line":298,"column":0},"end":{"line":308,"column":2}},"141":{"start":{"line":299,"column":4},"end":{"line":299,"column":43}},"142":{"start":{"line":300,"column":4},"end":{"line":306,"column":17}},"143":{"start":{"line":307,"column":4},"end":{"line":307,"column":16}},"144":{"start":{"line":310,"column":0},"end":{"line":315,"column":2}},"145":{"start":{"line":311,"column":4},"end":{"line":313,"column":17}},"146":{"start":{"line":314,"column":4},"end":{"line":314,"column":16}},"147":{"start":{"line":317,"column":0},"end":{"line":327,"column":2}},"148":{"start":{"line":318,"column":4},"end":{"line":318,"column":43}},"149":{"start":{"line":319,"column":4},"end":{"line":325,"column":17}},"150":{"start":{"line":326,"column":4},"end":{"line":326,"column":16}},"151":{"start":{"line":329,"column":0},"end":{"line":339,"column":2}},"152":{"start":{"line":330,"column":4},"end":{"line":330,"column":43}},"153":{"start":{"line":331,"column":4},"end":{"line":337,"column":17}},"154":{"start":{"line":338,"column":4},"end":{"line":338,"column":16}},"155":{"start":{"line":341,"column":0},"end":{"line":351,"column":2}},"156":{"start":{"line":342,"column":4},"end":{"line":342,"column":43}},"157":{"start":{"line":343,"column":4},"end":{"line":349,"column":17}},"158":{"start":{"line":350,"column":4},"end":{"line":350,"column":16}},"159":{"start":{"line":353,"column":0},"end":{"line":362,"column":2}},"160":{"start":{"line":354,"column":4},"end":{"line":360,"column":17}},"161":{"start":{"line":361,"column":4},"end":{"line":361,"column":16}},"162":{"start":{"line":364,"column":0},"end":{"line":375,"column":2}},"163":{"start":{"line":365,"column":4},"end":{"line":372,"column":6}},"164":{"start":{"line":373,"column":4},"end":{"line":373,"column":39}},"165":{"start":{"line":374,"column":4},"end":{"line":374,"column":16}},"166":{"start":{"line":377,"column":0},"end":{"line":406,"column":2}},"167":{"start":{"line":378,"column":4},"end":{"line":378,"column":21}},"168":{"start":{"line":379,"column":4},"end":{"line":404,"column":5}},"169":{"start":{"line":380,"column":8},"end":{"line":380,"column":37}},"170":{"start":{"line":381,"column":8},"end":{"line":381,"column":16}},"171":{"start":{"line":382,"column":8},"end":{"line":390,"column":9}},"172":{"start":{"line":383,"column":12},"end":{"line":383,"column":26}},"173":{"start":{"line":384,"column":12},"end":{"line":389,"column":13}},"174":{"start":{"line":385,"column":16},"end":{"line":385,"column":62}},"175":{"start":{"line":387,"column":16},"end":{"line":387,"column":32}},"176":{"start":{"line":388,"column":16},"end":{"line":388,"column":28}},"177":{"start":{"line":391,"column":8},"end":{"line":395,"column":10}},"178":{"start":{"line":396,"column":8},"end":{"line":396,"column":43}},"179":{"start":{"line":398,"column":5},"end":{"line":398,"column":21}},"180":{"start":{"line":399,"column":8},"end":{"line":402,"column":10}},"181":{"start":{"line":403,"column":8},"end":{"line":403,"column":43}},"182":{"start":{"line":405,"column":4},"end":{"line":405,"column":16}},"183":{"start":{"line":408,"column":0},"end":{"line":414,"column":2}},"184":{"start":{"line":409,"column":4},"end":{"line":412,"column":6}},"185":{"start":{"line":413,"column":4},"end":{"line":413,"column":39}},"186":{"start":{"line":416,"column":0},"end":{"line":424,"column":2}},"187":{"start":{"line":417,"column":4},"end":{"line":422,"column":17}},"188":{"start":{"line":423,"column":4},"end":{"line":423,"column":16}},"189":{"start":{"line":426,"column":0},"end":{"line":491,"column":2}},"190":{"start":{"line":427,"column":4},"end":{"line":427,"column":20}},"191":{"start":{"line":428,"column":4},"end":{"line":428,"column":45}},"192":{"start":{"line":429,"column":4},"end":{"line":442,"column":6}},"193":{"start":{"line":444,"column":4},"end":{"line":446,"column":5}},"194":{"start":{"line":445,"column":8},"end":{"line":445,"column":56}},"195":{"start":{"line":448,"column":4},"end":{"line":486,"column":5}},"196":{"start":{"line":449,"column":8},"end":{"line":449,"column":22}},"197":{"start":{"line":451,"column":8},"end":{"line":453,"column":9}},"198":{"start":{"line":452,"column":12},"end":{"line":452,"column":29}},"199":{"start":{"line":455,"column":8},"end":{"line":480,"column":9}},"200":{"start":{"line":456,"column":12},"end":{"line":456,"column":28}},"201":{"start":{"line":457,"column":12},"end":{"line":479,"column":13}},"202":{"start":{"line":458,"column":16},"end":{"line":458,"column":73}},"203":{"start":{"line":459,"column":16},"end":{"line":459,"column":56}},"204":{"start":{"line":460,"column":19},"end":{"line":479,"column":13}},"205":{"start":{"line":461,"column":16},"end":{"line":461,"column":37}},"206":{"start":{"line":462,"column":16},"end":{"line":466,"column":17}},"207":{"start":{"line":463,"column":20},"end":{"line":463,"column":44}},"208":{"start":{"line":465,"column":20},"end":{"line":465,"column":41}},"209":{"start":{"line":468,"column":16},"end":{"line":474,"column":17}},"210":{"start":{"line":469,"column":20},"end":{"line":469,"column":51}},"211":{"start":{"line":471,"column":20},"end":{"line":471,"column":51}},"212":{"start":{"line":472,"column":20},"end":{"line":472,"column":40}},"213":{"start":{"line":473,"column":20},"end":{"line":473,"column":36}},"214":{"start":{"line":476,"column":16},"end":{"line":476,"column":82}},"215":{"start":{"line":477,"column":16},"end":{"line":477,"column":36}},"216":{"start":{"line":478,"column":16},"end":{"line":478,"column":32}},"217":{"start":{"line":483,"column":8},"end":{"line":483,"column":37}},"218":{"start":{"line":484,"column":8},"end":{"line":484,"column":36}},"219":{"start":{"line":485,"column":8},"end":{"line":485,"column":34}},"220":{"start":{"line":488,"column":4},"end":{"line":488,"column":69}},"221":{"start":{"line":489,"column":4},"end":{"line":489,"column":56}},"222":{"start":{"line":493,"column":0},"end":{"line":493,"column":134}},"223":{"start":{"line":494,"column":0},"end":{"line":494,"column":35}},"224":{"start":{"line":496,"column":0},"end":{"line":498,"column":3}},"225":{"start":{"line":497,"column":4},"end":{"line":497,"column":46}},"226":{"start":{"line":500,"column":0},"end":{"line":590,"column":2}}},"branchMap":{"1":{"line":15,"type":"binary-expr","locations":[{"start":{"line":15,"column":14},"end":{"line":15,"column":21}},{"start":{"line":15,"column":25},"end":{"line":15,"column":27}}]},"2":{"line":16,"type":"binary-expr","locations":[{"start":{"line":16,"column":15},"end":{"line":16,"column":26}},{"start":{"line":16,"column":30},"end":{"line":16,"column":49}}]},"3":{"line":17,"type":"binary-expr","locations":[{"start":{"line":17,"column":16},"end":{"line":17,"column":28}},{"start":{"line":17,"column":32},"end":{"line":17,"column":43}}]},"4":{"line":18,"type":"binary-expr","locations":[{"start":{"line":18,"column":16},"end":{"line":18,"column":28}},{"start":{"line":18,"column":32},"end":{"line":18,"column":36}}]},"5":{"line":19,"type":"cond-expr","locations":[{"start":{"line":19,"column":37},"end":{"line":19,"column":41}},{"start":{"line":19,"column":44},"end":{"line":19,"column":49}}]},"6":{"line":22,"type":"if","locations":[{"start":{"line":22,"column":4},"end":{"line":22,"column":4}},{"start":{"line":22,"column":4},"end":{"line":22,"column":4}}]},"7":{"line":23,"type":"cond-expr","locations":[{"start":{"line":23,"column":87},"end":{"line":23,"column":109}},{"start":{"line":23,"column":112},"end":{"line":23,"column":114}}]},"8":{"line":31,"type":"cond-expr","locations":[{"start":{"line":31,"column":31},"end":{"line":31,"column":34}},{"start":{"line":31,"column":37},"end":{"line":31,"column":42}}]},"9":{"line":34,"type":"if","locations":[{"start":{"line":34,"column":4},"end":{"line":34,"column":4}},{"start":{"line":34,"column":4},"end":{"line":34,"column":4}}]},"10":{"line":37,"type":"if","locations":[{"start":{"line":37,"column":8},"end":{"line":37,"column":8}},{"start":{"line":37,"column":8},"end":{"line":37,"column":8}}]},"11":{"line":65,"type":"if","locations":[{"start":{"line":65,"column":8},"end":{"line":65,"column":8}},{"start":{"line":65,"column":8},"end":{"line":65,"column":8}}]},"12":{"line":88,"type":"if","locations":[{"start":{"line":88,"column":4},"end":{"line":88,"column":4}},{"start":{"line":88,"column":4},"end":{"line":88,"column":4}}]},"13":{"line":91,"type":"if","locations":[{"start":{"line":91,"column":8},"end":{"line":91,"column":8}},{"start":{"line":91,"column":8},"end":{"line":91,"column":8}}]},"14":{"line":105,"type":"if","locations":[{"start":{"line":105,"column":8},"end":{"line":105,"column":8}},{"start":{"line":105,"column":8},"end":{"line":105,"column":8}}]},"15":{"line":108,"type":"cond-expr","locations":[{"start":{"line":108,"column":52},"end":{"line":108,"column":79}},{"start":{"line":108,"column":82},"end":{"line":108,"column":105}}]},"16":{"line":114,"type":"cond-expr","locations":[{"start":{"line":114,"column":31},"end":{"line":114,"column":34}},{"start":{"line":114,"column":37},"end":{"line":114,"column":42}}]},"17":{"line":115,"type":"if","locations":[{"start":{"line":115,"column":4},"end":{"line":115,"column":4}},{"start":{"line":115,"column":4},"end":{"line":115,"column":4}}]},"18":{"line":131,"type":"cond-expr","locations":[{"start":{"line":131,"column":31},"end":{"line":131,"column":34}},{"start":{"line":131,"column":37},"end":{"line":131,"column":42}}]},"19":{"line":132,"type":"if","locations":[{"start":{"line":132,"column":4},"end":{"line":132,"column":4}},{"start":{"line":132,"column":4},"end":{"line":132,"column":4}}]},"20":{"line":150,"type":"cond-expr","locations":[{"start":{"line":150,"column":31},"end":{"line":150,"column":34}},{"start":{"line":150,"column":37},"end":{"line":150,"column":42}}]},"21":{"line":174,"type":"if","locations":[{"start":{"line":174,"column":4},"end":{"line":174,"column":4}},{"start":{"line":174,"column":4},"end":{"line":174,"column":4}}]},"22":{"line":178,"type":"cond-expr","locations":[{"start":{"line":178,"column":53},"end":{"line":178,"column":56}},{"start":{"line":178,"column":59},"end":{"line":178,"column":64}}]},"23":{"line":194,"type":"if","locations":[{"start":{"line":194,"column":3},"end":{"line":194,"column":3}},{"start":{"line":194,"column":3},"end":{"line":194,"column":3}}]},"24":{"line":199,"type":"if","locations":[{"start":{"line":199,"column":3},"end":{"line":199,"column":3}},{"start":{"line":199,"column":3},"end":{"line":199,"column":3}}]},"25":{"line":205,"type":"if","locations":[{"start":{"line":205,"column":3},"end":{"line":205,"column":3}},{"start":{"line":205,"column":3},"end":{"line":205,"column":3}}]},"26":{"line":212,"type":"if","locations":[{"start":{"line":212,"column":2},"end":{"line":212,"column":2}},{"start":{"line":212,"column":2},"end":{"line":212,"column":2}}]},"27":{"line":221,"type":"cond-expr","locations":[{"start":{"line":221,"column":31},"end":{"line":221,"column":34}},{"start":{"line":221,"column":37},"end":{"line":221,"column":42}}]},"28":{"line":232,"type":"if","locations":[{"start":{"line":232,"column":8},"end":{"line":232,"column":8}},{"start":{"line":232,"column":8},"end":{"line":232,"column":8}}]},"29":{"line":241,"type":"cond-expr","locations":[{"start":{"line":241,"column":31},"end":{"line":241,"column":34}},{"start":{"line":241,"column":37},"end":{"line":241,"column":42}}]},"30":{"line":252,"type":"if","locations":[{"start":{"line":252,"column":8},"end":{"line":252,"column":8}},{"start":{"line":252,"column":8},"end":{"line":252,"column":8}}]},"31":{"line":261,"type":"cond-expr","locations":[{"start":{"line":261,"column":31},"end":{"line":261,"column":34}},{"start":{"line":261,"column":37},"end":{"line":261,"column":42}}]},"32":{"line":271,"type":"if","locations":[{"start":{"line":271,"column":8},"end":{"line":271,"column":8}},{"start":{"line":271,"column":8},"end":{"line":271,"column":8}}]},"33":{"line":280,"type":"cond-expr","locations":[{"start":{"line":280,"column":31},"end":{"line":280,"column":34}},{"start":{"line":280,"column":37},"end":{"line":280,"column":42}}]},"34":{"line":299,"type":"cond-expr","locations":[{"start":{"line":299,"column":31},"end":{"line":299,"column":34}},{"start":{"line":299,"column":37},"end":{"line":299,"column":42}}]},"35":{"line":318,"type":"cond-expr","locations":[{"start":{"line":318,"column":31},"end":{"line":318,"column":34}},{"start":{"line":318,"column":37},"end":{"line":318,"column":42}}]},"36":{"line":330,"type":"cond-expr","locations":[{"start":{"line":330,"column":31},"end":{"line":330,"column":34}},{"start":{"line":330,"column":37},"end":{"line":330,"column":42}}]},"37":{"line":342,"type":"cond-expr","locations":[{"start":{"line":342,"column":31},"end":{"line":342,"column":34}},{"start":{"line":342,"column":37},"end":{"line":342,"column":42}}]},"38":{"line":379,"type":"if","locations":[{"start":{"line":379,"column":4},"end":{"line":379,"column":4}},{"start":{"line":379,"column":4},"end":{"line
[...]
  }","        } else {","            callback(new Error('Arguments mismatch for \"bt.set\"'));","        }","    }","","    this.callServer({","        arguments: args,","        method: this.methods.torrents.set,","        tag: uuid()","    }, function (err) {","        callback(err);","    });","","};","","Transmission.prototype.add = function (path, options, callback) {","    // for retro-compatibility with old function","    this.addUrl(path, options, callback);","};","","Transmission.prototype.addFile = function (filePath, options, callback) {","    var self = this;","    fs.readFile(filePath, function (err, data) {","        if (err) {","            throw err;","        }","        var fileContentBase64 = new Buffer(data).toString('base64');","        var args = {};","        args.metainfo = fileContentBase64;","        self.addTorrentDataSrc(args, options, callback);","    });","};","","Transmission.prototype.addBase64 = function (fileb64, options, callback) {","    var args = {};","    args.metainfo = fileb64;","    this.addTorrentDataSrc(args, options, callback);","};","","Transmission.prototype.addUrl = function (url, options, callback) {","    var args = {};","    args.filename = url;","    this.addTorrentDataSrc(args, options, callback);","};","","Transmission.prototype.addTorrentDataSrc = function (args, options, callback) {","    if (typeof options === 'function') {","        callback = options;","    } else {","        if (typeof options === 'object') {","            var keys = Object.keys(options);","            for (var i = 0; i < keys.length; i++) {","                args[keys[i]] = options[keys[i]];","            }","        } else {","            callback(new Error('Arguments mismatch for \"bt.add\"'));","        }","    }","    this.callServer({","        arguments: args,","        method: this.methods.torrents.add,","        tag: uuid()","    }, function (err, result) {","        if (err) {","            return callback(err);","        }","        var torrent = result['torrent-duplicate'] ? result['torrent-duplicate'] : result['torrent-added'];","        callback(err, torrent);","    });","};","","Transmission.prototype.remove = function (ids, del, callback) {","    ids = Array.isArray(ids) ? ids : [ids];","    if (typeof del === 'function') {","        callback = del;","        del = false;","    }","    var options = {","        arguments: {","            ids: ids,","            'delete-local-data': !!del","        },","        method: this.methods.torrents.remove,","        tag: uuid()","    };","    this.callServer(options, callback);","};","","Transmission.prototype.move = function (ids, location, move, callback) {","    ids = Array.isArray(ids) ? ids : [ids];","    if (typeof move === 'function') {","        callback = move;","        move = true;","    }","    var options = {","        arguments: {","            ids: ids,","            location: location,","            move: move","        },","        method: this.methods.torrents.location,","        tag: uuid()","    };","    this.callServer(options, callback);","};","","","Transmission.prototype.rename = function (ids, path, name, callback) {","    ids = Array.isArray(ids) ? ids : [ids];","    var options = {","        arguments: {","            ids: ids,","            path: path,","            name: name","        },","        method: this.methods.torrents.rename,","        tag: uuid()","    };","    this.callServer(options, callback);","};","","","Transmission.prototype.get = function (ids, callback) {","    var options = {","        arguments: {","            fields: this.methods.torrents.fields,","            ids: ids","        },","        method: this.methods.torrents.get,","        tag: uuid()","    };","","    if (typeof ids === 'function') {","        callback = ids;","        delete (options.arguments.ids);","    } else {","        options.arguments.ids = Array.isArray(ids) ? ids : [ids];","    }","","    this.callServer(options, callback);","    return this;","};","","Transmission.prototype.waitForState = function (id, targetState, callback) {","    ","    var self = this;","\tvar latestState = 'unknown';","\tvar latestTorrent = null;","\tasync.whilst(function(a) {","\t\treturn latestState !== targetState;","\t}, function(whilstCb) {","\t\tself.get(id, function(err, result) {","\t\t\tif (err) {","\t\t\t\treturn whilstCb(err);","\t\t\t}","\t\t\tvar torrent = result.torrents[0];","\t\t\t","\t\t\tif(!torrent){","\t\t\t\treturn callback(new Error('No id ('+id+') found for torrent'))","\t\t\t}","","\t\t\tlatestTorrent = torrent;","\t\t\tlatestState = self.statusArray[torrent.status];","\t\t\tif (latestState === targetState) {","\t\t\t\twhilstCb(null, torrent);","\t\t\t} else {","\t\t\t\tsetTimeout(whilstCb, 1000);","\t\t\t}","\t\t});","\t}, function(err) {","\t\tif (err) {","\t\t\treturn callback(err)","\t\t}","\t\tcallback(null, latestTorrent);","","\t});","};","","Transmission.prototype.peers = function (ids, callback) {","    ids = Array.isArray(ids) ? ids : [ids];","    var options = {","        arguments: {","            fields: ['peers', 'hashString', 'id'],","            ids: ids","        },","        method: this.methods.torrents.get,","        tag: uuid()","    };","","    this.callServer(options, function (err, result) {","        if (err) {","            return callback(err);","        }","        callback(null, result.torrents);","    });","    return this;","};","","Transmission.prototype.files = function (ids, callback) {","    ids = Array.isArray(ids) ? ids : [ids];","    var options = {","        arguments: {","            fields: ['files', 'fileStats', 'hashString', 'id'],","            ids: ids","        },","        method: this.methods.torrents.get,","        tag: uuid()","    };","","    this.callServer(options, function (err, result) {","        if (err) {","            return callback(err);","        }","        callback(null, result.torrents);","    });","    return this;","};","","Transmission.prototype.fast = function (ids, callback) {","    ids = Array.isArray(ids) ? ids : [ids];","    var options = {","        arguments: {","            fields: ['id', 'error', 'errorString', 'eta', 'isFinished', 'isStalled', 'leftUntilDone', 'metadataPercentComplete', 'peersConnected', 'peersGettingFromUs', 'peersSendingToUs', 'percentDone', 'queuePosition', 'rateDownload', 'rateUpload', 'recheckProgress', 'seedRatioMode', 'seedRatioLimit', 'sizeWhenDone', 'status', 'trackers', 'uploadedEver', 'uploadRatio'],","            ids: ids","        },","        method: this.methods.torrents.get,","        tag: uuid()","    };","    this.callServer(options, function (err, result) {","        if (err) {","            return callback(err);","        }","        callback(null, result.torrents);","    });","    return this;","};","","Transmission.prototype.stop = function (ids, callback) {","    ids = Array.isArray(ids) ? ids : [ids];","    this.callServer({","        arguments: {","            ids: ids","        },","        method: this.methods.torrents.stop,","        tag: uuid()","    }, callback);","    return this;","};","","Transmission.prototype.stopAll = function (callback) {","    this.callServer({","        method: this.methods.torrents.stop","    }, callback);","    return this;","};","","Transmission.prototype.start = function (ids, callback) {","    ids = Array.isArray(ids) ? ids : [ids];","    this.callServer({","        arguments: {","            ids: ids","        },","        method: this.methods.torrents.start,","        tag: uuid()","    }, callback);","    return this;","};","","Transmission.prototype.startAll = function (callback) {","    this.callServer({","        method: this.methods.torrents.start","    }, callback);","    return this;","};","","Transmission.prototype.startNow = function (ids, callback) {","    ids = Array.isArray(ids) ? ids : [ids];","    this.callServer({","        arguments: {","            ids: ids","        },","        method: this.methods.torrents.startNow,","        tag: uuid()","    }, callback);","    return this;","};","","Transmission.prototype.verify = function (ids, callback) {","    ids = Array.isArray(ids) ? ids : [ids];","    this.callServer({","        arguments: {","            ids: ids","        },","        method: this.methods.torrents.verify,","        tag: uuid()","    }, callback);","    return this;","};","","Transmission.prototype.reannounce = function (ids, callback) {","    ids = Array.isArray(ids) ? ids : [ids];","    this.callServer({","        arguments: {","            ids: ids","        },","        method: this.methods.torrents.reannounce,","        tag: uuid()","    }, callback);","    return this;","};","","Transmission.prototype.all = function (callback) {","    this.callServer({","        arguments: {","            fields: this.methods.torrents.fields","        },","        method: this.methods.torrents.get,","        tag: uuid()","    }, callback);","    return this;","};","","Transmission.prototype.active = function (callback) {","    var options = {","        arguments: {","            fields: this.methods.torrents.fields,","            ids: 'recently-active'","        },","        method: this.methods.torrents.get,","        tag: uuid()","    };","    this.callServer(options, callback);","    return this;","};","","Transmission.prototype.session = function (data, callback) {","    var options = {};","    if (typeof data !== 'function') {","        var keys = Object.keys(data);","        var key;","        for (var i = 0, j = keys.length; i < j; i++) {","            key = keys[i];","            if (!this.methods.session.setTypes[key]) {","                var error = new Error('Cant set type ' + key);","                // error.result = page; // FIXME: page not defined","                callback(error);","                return this;","            }","        }","        options = {","            arguments: data,","            method: this.methods.session.set,","            tag: uuid()","        };","        this.callServer(options, callback);","    } else {","    \tcallback = data;","        options = {","            method: this.methods.session.get,","            tag: uuid()","        };","        this.callServer(options, callback);","    }","    return this;","};","","Transmission.prototype.sessionStats = function (callback) {","    var options = {","        method: this.methods.session.stats,","        tag: uuid()","    };","    this.callServer(options, callback);","};","","Transmission.prototype.freeSpace = function (path, callback) {","    this.callServer({","        arguments: {","            path: path","        },","        method: this.methods.other.freeSpace","    }, callback);","    return this;","};","","Transmission.prototype.callServer = function (query, callBack) {","    var self = this;","    var queryJsonify = JSON.stringify(query);","    var options = {","        host: this.host,","        path: this.url,","        port: this.port,","        method: 'POST',","        headers: {","            'Time': new Date(),","            'Host': this.host + ':' + this.port,","            'X-Requested-With': 'Node',","            'X-Transmission-Session-Id': this.key || '',","            'Content-Length': queryJsonify.length,","            'Content-Type': 'application/json'","        }","    };","","    if (this.authHeader) {","        options.headers.Authorization = this.authHeader;","    }","","    function onResponse(response) {","        var page = [];","","        function onData(chunk) {","            page.push(chunk);","        }","","        function onEnd() {","            var json, error;","            if (response.statusCode === 409) {","                self.key = response.headers['x-transmission-session-id'];","                return self.callServer(query, callBack);","            } else if (response.statusCode === 200) {","                page = page.join('');","                try {","                    json = JSON.parse(page);","                } catch (err) {","                    return callBack(err);","                }","","                if (json.result === 'success') {","                    callBack(null, json.arguments);","                } else {","                    error = new Error(json.result);","                    error.result = page;","                    callBack(error);","                }","            } else {","                error = new Error('Status code mismatch: ' + response.statusCode);","                error.result = page;","                callBack(error);","            }","        }","","","        response.setEncoding('utf8');","        response.on('data', onData);","        response.on('end', onEnd);","    }","","    var res = (this.ssl ? https : http).request(options, onResponse);","    res.on('error', callBack).end(queryJsonify, 'utf8');","","};","","Transmission.prototype.statusArray = ['STOPPED', 'CHECK_WAIT', 'CHECK', 'DOWNLOAD_WAIT', 'DOWNLOAD', 'SEED_WAIT', 'SEED', 'ISOLATED'];","Transmission.prototype.status = {};","","Transmission.prototype.statusArray.forEach(function (status, i) {","    Transmission.prototype.status[status] = i;","});","","Transmission.prototype.methods = {","    torrents: {","        stop: 'torrent-stop',","        start: 'torrent-start',","        startNow: 'torrent-start-now',","        verify: 'torrent-verify',","        reannounce: 'torrent-reannounce',","        set: 'torrent-set',","        setTypes: {","            'bandwidthPriority': true,","            'downloadLimit': true,","            'downloadLimited': true,","            'files-wanted': true,","            'files-unwanted': true,","            'honorsSessionLimits': true,","            'ids': true,","            'location': true,","            'peer-limit': true,","            'priority-high': true,","            'priority-low': true,","            'priority-normal': true,","            'seedRatioLimit': true,","            'seedRatioMode': true,","            'uploadLimit': true,","            'uploadLimited': true","        },","        add: 'torrent-add',","        addTypes: {","            'download-dir': true,","            'filename': true,","            'metainfo': true,","            'paused': true,","            'peer-limit': true,","            'files-wanted': true,","            'files-unwanted': true,","            'priority-high': true,","            'priority-low': true,","            'priority-normal': true","        },","        rename: 'torrent-rename-path',","        remove: 'torrent-remove',","        removeTypes: {","            'ids': true,","            'delete-local-data': true","        },","        location: 'torrent-set-location',","        locationTypes: {","            'location': true,","            'ids': true,","            'move': true","        },","        get: 'torrent-get',","        fields: ['activityDate', 'addedDate', 'bandwidthPriority', 'comment', 'corruptEver', 'creator', 'dateCreated', 'desiredAvailable', 'doneDate', 'downloadDir', 'downloadedEver', 'downloadLimit', 'downloadLimited', 'error', 'errorString', 'eta', 'files', 'fileStats', 'hashString', 'haveUnchecked', 'haveValid', 'honorsSessionLimits', 'id', 'isFinished', 'isPrivate', 'leftUntilDone', 'magnetLink', 'manualAnnounceTime', 'maxConnectedPeers', 'metadataPercentComplete', 'name', 'peer-limit', 'peers', 'peersConnected', 'peersFrom', 'peersGettingFromUs', 'peersKnown', 'peersSendingToUs', 'percentDone', 'pieces', 'pieceCount', 'pieceSize', 'priorities', 'rateDownload', 'rateUpload', 'recheckProgress', 'seedIdleLimit', 'seedIdleMode', 'seedRatioLimit', 'seedRatioMode', 'sizeWhenDone', 'startDate', 'status', 'trackers', 'trackerStats', 'totalSize', 'torrentFile', 'uploadedEver', 'uploadLimit', 'uploadLimited', 'uploadRatio', 'wanted', 'webseeds', 'webseedsSendingToUs']","    },","    session: {","        stats: 'session-stats',","        get: 'session-get',","        set: 'session-set',","        setTypes: {","            'start-added-torrents': true,","            'alt-speed-down': true,","            'alt-speed-enabled': true,","            'alt-speed-time-begin': true,","            'alt-speed-time-enabled': true,","            'alt-speed-time-end': true,","            'alt-speed-time-day': true,","            'alt-speed-up': true,","            'blocklist-enabled': true,","            'dht-enabled': true,","            'encryption': true,","            'download-dir': true,","            'peer-limit-global': true,","            'peer-limit-per-torrent': true,","            'pex-enabled': true,","            'peer-port': true,","            'peer-port-random-on-start': true,","            'port-forwarding-enabled': true,","            'seedRatioLimit': true,","            'seedRatioLimited': true,","            'speed-limit-down': true,","            'speed-limit-down-enabled': true,","            'speed-limit-up': true,","            'speed-limit-up-enabled': true","        }","    },","    other: {","        blockList: 'blocklist-update',","        port: 'port-test',","        freeSpace: 'free-space'","    }","};",""],"l":{"2":1,"3":1,"4":1,"5":1,"6":1,"7":1,"9":1,"11":1,"13":0,"15":0,"16":0,"17":0,"18":0,"19":0,"20":0,"22":0,"23":0,"28":1,"30":1,"31":0,"32":0,"34":0,"35":0,"37":0,"38":0,"39":0,"40":0,"43":0,"47":0,"52":0,"57":1,"59":0,"62":1,"63":0,"64":0,"65":0,"66":0,"68":0,"69":0,"70":0,"71":0,"75":1,"76":0,"77":0,"78":0,"81":1,"82":0,"83":0,"84":0,"87":1,"88":0,"89":0,"91":0,"92":0,"93":0,"94":0,"97":0,"100":0,"105":0,"106":0,"108":0,"109":0,"113":1,"114":0,"115":0,"116":0,"117":0,"119":0,"127":0,"130":1,"131":0,"132":0,"133":0,"134":0,"136":0,"145":0,"149":1,"150":0,"151":0,"160":0,"164":1,"165":0,"174":0,"175":0,"176":0,"178":0,"181":0,"182":0,"185":1,"187":0,"188":0,"189":0,"190":0,"191":0,"193":0,"194":0,"195":0,"197":0,"199":0,"200":0,"203":0,"204":0,"205":0,"206":0,"208":0,"212":0,"213":0,"215":0,"220":1,"221":0,"222":0,"231":0,"232":0,"233":0,"235":0,"237":0,"240":1,"241":0,"242":0,"251":0,"252":0,"253":0,"255":0,"257":0,"260":1,"261":0,"262":0,"270":0,"271":0,"272":0,"274":0,"276":0,"279":1,"280":0,"281":0,"288":0,"291":1,"292":0,"295":0,"298":1,"299":0,"300":0,"307":0,"310":1,"311":0,"314":0,"317":1,"318":0,"319":0,"326":0,"329":1,"330":0,"331":0,"338":0,"341":1,"342":0,"343":0,"350":0,"353":1,"354":0,"361":0,"364":1,"365":0,"373":0,"374":0,"377":1,"378":0,"379":0,"380":0,"381":0,"382":0,"383":0,"384":0,"385":0,"387":0,"388":0,"391":0,"396":0,"398":0,"399":0,"403":0,"405":0,"408":1,"409":0,"413":0,"416":1,"417":0,"423":0,"426":1,"427":0,"428":0,"429":0,"444":0,"445":0,"448":1,"449":0,"451":1,"452":0,"455":1,"456":0,"457":0,"458":0,"459":0,"460":0,"461":0,"462":0,"463":0,"465":0,"468":0,"469":0,"471":0,"472":0,"473":0,"476":0,"477":0,"478":0,"483":0,"484":0,"485":0,"488":0,"489":0,"493":1,"494":1,"496":1,"497":8,"500":1}},"/home/travis/build/npmtest/node-npmtest-transmission/node_modules/transmission/lib/utils.js":{"path":"/home/travis/build/npmtest/node-npmtest-transmission/node_modules/transmission/lib/utils.js","s":{"1":1,"2":0,"3":1,"4":0},"b":{},"f":{"1":0,"2":0},"fnMap":{"1":{"name":"(anonymous_1)","line":6,"loc":{"start":{"line":6,"column":9},"end":{"line":6,"column":20}}},"2":{"name":"(anonymous_2)","line":10,"loc":{"start":{"line":10,"column":15},"end":{"line":10,"column":26}}}},"statementMap":{"1":{"start":{"line":6,"column":0},"end":{"line":8,"column":2}},"2":{"start":{"line":7,"column":1},"end":{"line":7,"column":72}},"3":{"start":{"line":10,"column":0},"end":{"line":12,"column":2}},"4":{"start":{"line":11,"column":1},"end":{"line":11,"column":88}}},"branchMap":{},"code":["/***"," *"," *"," */","","var S4 = function() {","\treturn (((1 + Math.random()) * 0x10000) | 0).toString(16).substring(1);","};","","exports.uuid = function() {","\treturn (S4() + S4() + '-' + S4() + '-' + S4() + '-' + S4() + '-' + S4() + S4() + S4());","};",""],"l":{"6":1,"7":0,"10":1,"11":0}}}